[2026-04-22 21:14:01] ======================================================================
[2026-04-22 21:14:01] case118 EIFICA 扩展性实验  num_ESS=6  num_gen=38（与case24对齐，唯一变量=网络拓扑）
[2026-04-22 21:14:01] 参数对齐：ess_exp_main.py（case24 280组实验），仅网络改为 case118
[2026-04-22 21:14:01] 方法：['EIFICA']  并行=4  Gurobi线程/组=8
[2026-04-22 21:14:01] 结果目录：/home/Ess/ess_exp_results/case118
[2026-04-22 21:14:01] ======================================================================
[2026-04-22 21:14:01] 已完成 0 组（npy存在），剩余 140 / 140 组
[2026-04-22 21:14:01] 开始并行执行 140 组任务 ...
[2026-04-22 21:14:02] [  2/140] START EIFICA   N= 50 ε=0.03 θ=0.06 seed=10000  [case118]
[2026-04-22 21:14:02] [  4/140] START EIFICA   N= 50 ε=0.03 θ=0.06 seed=30000  [case118]
[2026-04-22 21:14:02] [  1/140] START EIFICA   N= 50 ε=0.03 θ=0.06 seed=0  [case118]
[2026-04-22 21:14:02] [  3/140] START EIFICA   N= 50 ε=0.03 θ=0.06 seed=20000  [case118]
[2026-04-22 21:15:38] [  2/140] DONE  EIFICA   N= 50 ε=0.03 θ=0.06 seed=10000  OK    solve=   93.7s  sat=43.4%  wall=96s  [case118]
[2026-04-22 21:15:39] [  4/140] DONE  EIFICA   N= 50 ε=0.03 θ=0.06 seed=30000  OK    solve=   94.0s  sat=17.9%  wall=96s  [case118]
[2026-04-22 21:15:39] [  5/140] START EIFICA   N= 50 ε=0.03 θ=0.06 seed=40000  [case118]
[2026-04-22 21:15:39] [  6/140] START EIFICA   N= 80 ε=0.03 θ=0.06 seed=0  [case118]
[2026-04-22 21:15:40] [  1/140] DONE  EIFICA   N= 50 ε=0.03 θ=0.06 seed=0  OK    solve=   94.9s  sat=34.4%  wall=97s  [case118]
[2026-04-22 21:15:40] [  7/140] START EIFICA   N= 80 ε=0.03 θ=0.06 seed=10000  [case118]
[2026-04-22 21:15:41] [  3/140] DONE  EIFICA   N= 50 ε=0.03 θ=0.06 seed=20000  OK    solve=   95.9s  sat=2.4%  wall=98s  [case118]
[2026-04-22 21:15:41] [  8/140] START EIFICA   N= 80 ε=0.03 θ=0.06 seed=20000  [case118]
[2026-04-22 21:17:14] [  5/140] DONE  EIFICA   N= 50 ε=0.03 θ=0.06 seed=40000  OK    solve=   93.2s  sat=37.4%  wall=95s  [case118]
[2026-04-22 21:17:14] [  9/140] START EIFICA   N= 80 ε=0.03 θ=0.06 seed=30000  [case118]
[2026-04-22 21:17:30] [  7/140] DONE  EIFICA   N= 80 ε=0.03 θ=0.06 seed=10000  OK    solve=  107.8s  sat=93.0%  wall=110s  [case118]
[2026-04-22 21:17:30] [ 10/140] START EIFICA   N= 80 ε=0.03 θ=0.06 seed=40000  [case118]
[2026-04-22 21:17:33] [  8/140] DONE  EIFICA   N= 80 ε=0.03 θ=0.06 seed=20000  OK    solve=  109.7s  sat=32.2%  wall=112s  [case118]
[2026-04-22 21:17:33] [ 11/140] START EIFICA   N=100 ε=0.03 θ=0.06 seed=0  [case118]
[2026-04-22 21:17:38] [  6/140] DONE  EIFICA   N= 80 ε=0.03 θ=0.06 seed=0  OK    solve=  117.2s  sat=35.9%  wall=119s  [case118]
[2026-04-22 21:17:41] [ 12/140] START EIFICA   N=100 ε=0.03 θ=0.06 seed=10000  [case118]
[2026-04-22 21:19:13] [  9/140] DONE  EIFICA   N= 80 ε=0.03 θ=0.06 seed=30000  OK    solve=  117.0s  sat=29.4%  wall=119s  [case118]
[2026-04-22 21:19:13] [ 13/140] START EIFICA   N=100 ε=0.03 θ=0.06 seed=20000  [case118]
[2026-04-22 21:19:24] [ 11/140] DONE  EIFICA   N=100 ε=0.03 θ=0.06 seed=0  OK    solve=  109.4s  sat=51.0%  wall=111s  [case118]
[2026-04-22 21:19:25] [ 14/140] START EIFICA   N=100 ε=0.03 θ=0.06 seed=30000  [case118]
[2026-04-22 21:19:26] [ 10/140] DONE  EIFICA   N= 80 ε=0.03 θ=0.06 seed=40000  OK    solve=  113.5s  sat=56.5%  wall=115s  [case118]
[2026-04-22 21:19:26] [ 15/140] START EIFICA   N=100 ε=0.03 θ=0.06 seed=40000  [case118]
[2026-04-22 21:19:33] [ 12/140] DONE  EIFICA   N=100 ε=0.03 θ=0.06 seed=10000  OK    solve=  110.0s  sat=94.1%  wall=112s  [case118]
[2026-04-22 21:19:34] [ 16/140] START EIFICA   N=150 ε=0.03 θ=0.06 seed=0  [case118]
[2026-04-22 21:21:03] [ 13/140] DONE  EIFICA   N=100 ε=0.03 θ=0.06 seed=20000  OK    solve=  108.1s  sat=94.4%  wall=110s  [case118]
[2026-04-22 21:21:04] [ 17/140] START EIFICA   N=150 ε=0.03 θ=0.06 seed=10000  [case118]
[2026-04-22 21:21:15] [ 14/140] DONE  EIFICA   N=100 ε=0.03 θ=0.06 seed=30000  OK    solve=  108.6s  sat=61.7%  wall=110s  [case118]
[2026-04-22 21:21:16] [ 18/140] START EIFICA   N=150 ε=0.03 θ=0.06 seed=20000  [case118]
[2026-04-22 21:21:17] [ 15/140] DONE  EIFICA   N=100 ε=0.03 θ=0.06 seed=40000  OK    solve=  109.4s  sat=99.7%  wall=111s  [case118]
[2026-04-22 21:21:18] [ 19/140] START EIFICA   N=150 ε=0.03 θ=0.06 seed=30000  [case118]
[2026-04-22 21:21:39] [ 16/140] DONE  EIFICA   N=150 ε=0.03 θ=0.06 seed=0  OK    solve=  123.6s  sat=51.4%  wall=125s  [case118]
[2026-04-22 21:21:40] [ 20/140] START EIFICA   N=150 ε=0.03 θ=0.06 seed=40000  [case118]
[2026-04-22 21:23:08] [ 17/140] DONE  EIFICA   N=150 ε=0.03 θ=0.06 seed=10000  OK    solve=  122.5s  sat=95.4%  wall=124s  [case118]
[2026-04-22 21:23:09] [ 21/140] START EIFICA   N=200 ε=0.03 θ=0.06 seed=0  [case118]
[2026-04-22 21:23:20] [ 18/140] DONE  EIFICA   N=150 ε=0.03 θ=0.06 seed=20000  OK    solve=  122.9s  sat=94.6%  wall=125s  [case118]
[2026-04-22 21:23:21] [ 22/140] START EIFICA   N=200 ε=0.03 θ=0.06 seed=10000  [case118]
[2026-04-22 21:23:23] [ 19/140] DONE  EIFICA   N=150 ε=0.03 θ=0.06 seed=30000  OK    solve=  123.9s  sat=98.9%  wall=126s  [case118]
[2026-04-22 21:23:24] [ 23/140] START EIFICA   N=200 ε=0.03 θ=0.06 seed=20000  [case118]
[2026-04-22 21:23:45] [ 20/140] DONE  EIFICA   N=150 ε=0.03 θ=0.06 seed=40000  OK    solve=  123.7s  sat=99.9%  wall=126s  [case118]
[2026-04-22 21:23:46] [ 24/140] START EIFICA   N=200 ε=0.03 θ=0.06 seed=30000  [case118]
[2026-04-22 21:25:28] [ 21/140] DONE  EIFICA   N=200 ε=0.03 θ=0.06 seed=0  OK    solve=  137.6s  sat=99.2%  wall=139s  [case118]
[2026-04-22 21:25:29] [ 25/140] START EIFICA   N=200 ε=0.03 θ=0.06 seed=40000  [case118]
[2026-04-22 21:25:42] [ 22/140] DONE  EIFICA   N=200 ε=0.03 θ=0.06 seed=10000  OK    solve=  139.4s  sat=97.5%  wall=141s  [case118]
[2026-04-22 21:25:43] [ 26/140] START EIFICA   N=250 ε=0.03 θ=0.06 seed=0  [case118]
[2026-04-22 21:25:45] [ 23/140] DONE  EIFICA   N=200 ε=0.03 θ=0.06 seed=20000  OK    solve=  139.1s  sat=94.7%  wall=141s  [case118]
[2026-04-22 21:25:48] [ 27/140] START EIFICA   N=250 ε=0.03 θ=0.06 seed=10000  [case118]
[2026-04-22 21:26:07] [ 24/140] DONE  EIFICA   N=200 ε=0.03 θ=0.06 seed=30000  OK    solve=  139.5s  sat=98.9%  wall=141s  [case118]
[2026-04-22 21:26:08] [ 28/140] START EIFICA   N=250 ε=0.03 θ=0.06 seed=20000  [case118]
[2026-04-22 21:27:49] [ 25/140] DONE  EIFICA   N=200 ε=0.03 θ=0.06 seed=40000  OK    solve=  137.9s  sat=100.0%  wall=140s  [case118]
[2026-04-22 21:27:51] [ 29/140] START EIFICA   N=250 ε=0.03 θ=0.06 seed=30000  [case118]
[2026-04-22 21:28:19] [ 26/140] DONE  EIFICA   N=250 ε=0.03 θ=0.06 seed=0  OK    solve=  154.4s  sat=99.2%  wall=156s  [case118]
[2026-04-22 21:28:20] [ 30/140] START EIFICA   N=250 ε=0.03 θ=0.06 seed=40000  [case118]
[2026-04-22 21:28:24] [ 27/140] DONE  EIFICA   N=250 ε=0.03 θ=0.06 seed=10000  OK    solve=  154.1s  sat=97.7%  wall=157s  [case118]
[2026-04-22 21:28:25] [ 31/140] START EIFICA   N=300 ε=0.03 θ=0.06 seed=0  [case118]
[2026-04-22 21:28:43] [ 28/140] DONE  EIFICA   N=250 ε=0.03 θ=0.06 seed=20000  OK    solve=  153.0s  sat=94.7%  wall=155s  [case118]
[2026-04-22 21:28:44] [ 32/140] START EIFICA   N=300 ε=0.03 θ=0.06 seed=10000  [case118]
[2026-04-22 21:30:26] [ 29/140] DONE  EIFICA   N=250 ε=0.03 θ=0.06 seed=30000  OK    solve=  152.5s  sat=98.9%  wall=155s  [case118]
[2026-04-22 21:30:27] [ 33/140] START EIFICA   N=300 ε=0.03 θ=0.06 seed=20000  [case118]
[2026-04-22 21:30:56] [ 30/140] DONE  EIFICA   N=250 ε=0.03 θ=0.06 seed=40000  OK    solve=  153.4s  sat=100.0%  wall=155s  [case118]
[2026-04-22 21:30:57] [ 34/140] START EIFICA   N=300 ε=0.03 θ=0.06 seed=30000  [case118]
[2026-04-22 21:31:21] [ 31/140] DONE  EIFICA   N=300 ε=0.03 θ=0.06 seed=0  OK    solve=  173.5s  sat=99.7%  wall=175s  [case118]
[2026-04-22 21:31:22] [ 35/140] START EIFICA   N=300 ε=0.03 θ=0.06 seed=40000  [case118]
[2026-04-22 21:31:37] [ 32/140] DONE  EIFICA   N=300 ε=0.03 θ=0.06 seed=10000  OK    solve=  171.3s  sat=97.8%  wall=173s  [case118]
[2026-04-22 21:31:38] [ 36/140] START EIFICA   N= 50 ε=0.05 θ=0.1 seed=0  [case118]
[2026-04-22 21:33:18] [ 33/140] DONE  EIFICA   N=300 ε=0.03 θ=0.06 seed=20000  OK    solve=  168.6s  sat=95.3%  wall=170s  [case118]
[2026-04-22 21:33:19] [ 37/140] START EIFICA   N= 50 ε=0.05 θ=0.1 seed=10000  [case118]
[2026-04-22 21:33:25] [ 36/140] DONE  EIFICA   N= 50 ε=0.05 θ=0.1 seed=0  OK    solve=  105.3s  sat=34.7%  wall=107s  [case118]
[2026-04-22 21:33:25] [ 38/140] START EIFICA   N= 50 ε=0.05 θ=0.1 seed=20000  [case118]
[2026-04-22 21:33:48] [ 34/140] DONE  EIFICA   N=300 ε=0.03 θ=0.06 seed=30000  OK    solve=  169.9s  sat=98.9%  wall=172s  [case118]
[2026-04-22 21:33:49] [ 39/140] START EIFICA   N= 50 ε=0.05 θ=0.1 seed=30000  [case118]
[2026-04-22 21:34:17] [ 35/140] DONE  EIFICA   N=300 ε=0.03 θ=0.06 seed=40000  OK    solve=  172.9s  sat=100.0%  wall=175s  [case118]
[2026-04-22 21:34:18] [ 40/140] START EIFICA   N= 50 ε=0.05 θ=0.1 seed=40000  [case118]
[2026-04-22 21:35:04] [ 37/140] DONE  EIFICA   N= 50 ε=0.05 θ=0.1 seed=10000  OK    solve=  103.5s  sat=43.9%  wall=105s  [case118]
[2026-04-22 21:35:04] [ 41/140] START EIFICA   N= 80 ε=0.05 θ=0.1 seed=0  [case118]
[2026-04-22 21:35:12] [ 38/140] DONE  EIFICA   N= 50 ε=0.05 θ=0.1 seed=20000  OK    solve=  105.3s  sat=8.9%  wall=107s  [case118]
[2026-04-22 21:35:15] [ 42/140] START EIFICA   N= 80 ε=0.05 θ=0.1 seed=10000  [case118]
[2026-04-22 21:35:31] [ 39/140] DONE  EIFICA   N= 50 ε=0.05 θ=0.1 seed=30000  OK    solve=   99.5s  sat=39.2%  wall=101s  [case118]
[2026-04-22 21:35:31] [ 43/140] START EIFICA   N= 80 ε=0.05 θ=0.1 seed=20000  [case118]
[2026-04-22 21:36:03] [ 40/140] DONE  EIFICA   N= 50 ε=0.05 θ=0.1 seed=40000  OK    solve=  103.3s  sat=71.4%  wall=105s  [case118]
[2026-04-22 21:36:03] [ 44/140] START EIFICA   N= 80 ε=0.05 θ=0.1 seed=30000  [case118]
[2026-04-22 21:36:50] [ 41/140] DONE  EIFICA   N= 80 ε=0.05 θ=0.1 seed=0  OK    solve=  104.2s  sat=98.4%  wall=106s  [case118]
[2026-04-22 21:36:51] [ 45/140] START EIFICA   N= 80 ε=0.05 θ=0.1 seed=40000  [case118]
[2026-04-22 21:37:03] [ 42/140] DONE  EIFICA   N= 80 ε=0.05 θ=0.1 seed=10000  OK    solve=  106.4s  sat=94.4%  wall=109s  [case118]
[2026-04-22 21:37:04] [ 46/140] START EIFICA   N=100 ε=0.05 θ=0.1 seed=0  [case118]
[2026-04-22 21:37:18] [ 43/140] DONE  EIFICA   N= 80 ε=0.05 θ=0.1 seed=20000  OK    solve=  104.7s  sat=95.0%  wall=106s  [case118]
[2026-04-22 21:37:18] [ 47/140] START EIFICA   N=100 ε=0.05 θ=0.1 seed=10000  [case118]
[2026-04-22 21:37:51] [ 44/140] DONE  EIFICA   N= 80 ε=0.05 θ=0.1 seed=30000  OK    solve=  105.6s  sat=98.3%  wall=108s  [case118]
[2026-04-22 21:37:51] [ 48/140] START EIFICA   N=100 ε=0.05 θ=0.1 seed=20000  [case118]
[2026-04-22 21:38:36] [ 45/140] DONE  EIFICA   N= 80 ε=0.05 θ=0.1 seed=40000  OK    solve=  103.5s  sat=99.7%  wall=105s  [case118]
[2026-04-22 21:38:36] [ 49/140] START EIFICA   N=100 ε=0.05 θ=0.1 seed=30000  [case118]
[2026-04-22 21:38:58] [ 46/140] DONE  EIFICA   N=100 ε=0.05 θ=0.1 seed=0  OK    solve=  112.3s  sat=98.4%  wall=114s  [case118]
[2026-04-22 21:38:58] [ 50/140] START EIFICA   N=100 ε=0.05 θ=0.1 seed=40000  [case118]
[2026-04-22 21:39:11] [ 47/140] DONE  EIFICA   N=100 ε=0.05 θ=0.1 seed=10000  OK    solve=  110.8s  sat=94.8%  wall=113s  [case118]
[2026-04-22 21:39:11] [ 51/140] START EIFICA   N=150 ε=0.05 θ=0.1 seed=0  [case118]
[2026-04-22 21:39:44] [ 48/140] DONE  EIFICA   N=100 ε=0.05 θ=0.1 seed=20000  OK    solve=  111.4s  sat=94.6%  wall=113s  [case118]
[2026-04-22 21:39:45] [ 52/140] START EIFICA   N=150 ε=0.05 θ=0.1 seed=10000  [case118]
[2026-04-22 21:40:28] [ 49/140] DONE  EIFICA   N=100 ε=0.05 θ=0.1 seed=30000  OK    solve=  109.6s  sat=98.9%  wall=111s  [case118]
[2026-04-22 21:40:28] [ 53/140] START EIFICA   N=150 ε=0.05 θ=0.1 seed=20000  [case118]
[2026-04-22 21:40:54] [ 50/140] DONE  EIFICA   N=100 ε=0.05 θ=0.1 seed=40000  OK    solve=  113.3s  sat=99.9%  wall=115s  [case118]
[2026-04-22 21:40:54] [ 54/140] START EIFICA   N=150 ε=0.05 θ=0.1 seed=30000  [case118]
[2026-04-22 21:41:18] [ 51/140] DONE  EIFICA   N=150 ε=0.05 θ=0.1 seed=0  OK    solve=  125.6s  sat=97.8%  wall=127s  [case118]
[2026-04-22 21:41:19] [ 55/140] START EIFICA   N=150 ε=0.05 θ=0.1 seed=40000  [case118]
[2026-04-22 21:41:54] [ 52/140] DONE  EIFICA   N=150 ε=0.05 θ=0.1 seed=10000  OK    solve=  127.3s  sat=97.3%  wall=129s  [case118]
[2026-04-22 21:41:55] [ 56/140] START EIFICA   N=200 ε=0.05 θ=0.1 seed=0  [case118]
[2026-04-22 21:42:34] [ 53/140] DONE  EIFICA   N=150 ε=0.05 θ=0.1 seed=20000  OK    solve=  124.3s  sat=95.6%  wall=126s  [case118]
[2026-04-22 21:42:35] [ 57/140] START EIFICA   N=200 ε=0.05 θ=0.1 seed=10000  [case118]
[2026-04-22 21:43:04] [ 54/140] DONE  EIFICA   N=150 ε=0.05 θ=0.1 seed=30000  OK    solve=  127.7s  sat=98.9%  wall=130s  [case118]
[2026-04-22 21:43:04] [ 58/140] START EIFICA   N=200 ε=0.05 θ=0.1 seed=20000  [case118]
[2026-04-22 21:43:27] [ 55/140] DONE  EIFICA   N=150 ε=0.05 θ=0.1 seed=40000  OK    solve=  125.8s  sat=100.0%  wall=128s  [case118]
[2026-04-22 21:43:27] [ 59/140] START EIFICA   N=200 ε=0.05 θ=0.1 seed=30000  [case118]
[2026-04-22 21:44:22] [ 56/140] DONE  EIFICA   N=200 ε=0.05 θ=0.1 seed=0  OK    solve=  145.8s  sat=99.8%  wall=148s  [case118]
[2026-04-22 21:44:25] [ 60/140] START EIFICA   N=200 ε=0.05 θ=0.1 seed=40000  [case118]
[2026-04-22 21:45:00] [ 57/140] DONE  EIFICA   N=200 ε=0.05 θ=0.1 seed=10000  OK    solve=  143.0s  sat=97.5%  wall=145s  [case118]
[2026-04-22 21:45:00] [ 61/140] START EIFICA   N=250 ε=0.05 θ=0.1 seed=0  [case118]
[2026-04-22 21:45:32] [ 58/140] DONE  EIFICA   N=200 ε=0.05 θ=0.1 seed=20000  OK    solve=  145.6s  sat=95.6%  wall=147s  [case118]
[2026-04-22 21:45:32] [ 62/140] START EIFICA   N=250 ε=0.05 θ=0.1 seed=10000  [case118]
[2026-04-22 21:45:53] [ 59/140] DONE  EIFICA   N=200 ε=0.05 θ=0.1 seed=30000  OK    solve=  143.6s  sat=98.9%  wall=146s  [case118]
[2026-04-22 21:45:53] [ 63/140] START EIFICA   N=250 ε=0.05 θ=0.1 seed=20000  [case118]
[2026-04-22 21:46:52] [ 60/140] DONE  EIFICA   N=200 ε=0.05 θ=0.1 seed=40000  OK    solve=  144.2s  sat=100.0%  wall=147s  [case118]
[2026-04-22 21:46:53] [ 64/140] START EIFICA   N=250 ε=0.05 θ=0.1 seed=30000  [case118]
[2026-04-22 21:47:38] [ 61/140] DONE  EIFICA   N=250 ε=0.05 θ=0.1 seed=0  OK    solve=  156.2s  sat=99.8%  wall=158s  [case118]
[2026-04-22 21:47:39] [ 65/140] START EIFICA   N=250 ε=0.05 θ=0.1 seed=40000  [case118]
[2026-04-22 21:48:14] [ 62/140] DONE  EIFICA   N=250 ε=0.05 θ=0.1 seed=10000  OK    solve=  159.9s  sat=97.8%  wall=162s  [case118]
[2026-04-22 21:48:15] [ 66/140] START EIFICA   N=300 ε=0.05 θ=0.1 seed=0  [case118]
[2026-04-22 21:48:32] [ 63/140] DONE  EIFICA   N=250 ε=0.05 θ=0.1 seed=20000  OK    solve=  156.4s  sat=95.6%  wall=158s  [case118]
[2026-04-22 21:48:32] [ 67/140] START EIFICA   N=300 ε=0.05 θ=0.1 seed=10000  [case118]
[2026-04-22 21:49:32] [ 64/140] DONE  EIFICA   N=250 ε=0.05 θ=0.1 seed=30000  OK    solve=  157.5s  sat=98.8%  wall=159s  [case118]
[2026-04-22 21:49:33] [ 68/140] START EIFICA   N=300 ε=0.05 θ=0.1 seed=20000  [case118]
[2026-04-22 21:50:18] [ 65/140] DONE  EIFICA   N=250 ε=0.05 θ=0.1 seed=40000  OK    solve=  156.6s  sat=100.0%  wall=158s  [case118]
[2026-04-22 21:50:19] [ 69/140] START EIFICA   N=300 ε=0.05 θ=0.1 seed=30000  [case118]
[2026-04-22 21:51:13] [ 66/140] DONE  EIFICA   N=300 ε=0.05 θ=0.1 seed=0  OK    solve=  176.4s  sat=99.8%  wall=178s  [case118]
[2026-04-22 21:51:14] [ 70/140] START EIFICA   N=300 ε=0.05 θ=0.1 seed=40000  [case118]
[2026-04-22 21:51:28] [ 67/140] DONE  EIFICA   N=300 ε=0.05 θ=0.1 seed=10000  OK    solve=  174.1s  sat=97.8%  wall=176s  [case118]
[2026-04-22 21:51:29] [ 71/140] START EIFICA   N= 50 ε=0.08 θ=0.12 seed=0  [case118]
[2026-04-22 21:52:29] [ 68/140] DONE  EIFICA   N=300 ε=0.05 θ=0.1 seed=20000  OK    solve=  174.4s  sat=96.2%  wall=176s  [case118]
[2026-04-22 21:52:30] [ 72/140] START EIFICA   N= 50 ε=0.08 θ=0.12 seed=10000  [case118]
[2026-04-22 21:53:08] [ 71/140] DONE  EIFICA   N= 50 ε=0.08 θ=0.12 seed=0  OK    solve=   97.2s  sat=47.4%  wall=99s  [case118]
[2026-04-22 21:53:09] [ 73/140] START EIFICA   N= 50 ε=0.08 θ=0.12 seed=20000  [case118]
[2026-04-22 21:53:12] [ 69/140] DONE  EIFICA   N=300 ε=0.05 θ=0.1 seed=30000  OK    solve=  172.0s  sat=98.9%  wall=174s  [case118]
[2026-04-22 21:53:13] [ 74/140] START EIFICA   N= 50 ε=0.08 θ=0.12 seed=30000  [case118]
[2026-04-22 21:54:09] [ 72/140] DONE  EIFICA   N= 50 ε=0.08 θ=0.12 seed=10000  OK    solve=   96.6s  sat=90.8%  wall=98s  [case118]
[2026-04-22 21:54:09] [ 75/140] START EIFICA   N= 50 ε=0.08 θ=0.12 seed=40000  [case118]
[2026-04-22 21:54:12] [ 70/140] DONE  EIFICA   N=300 ε=0.05 θ=0.1 seed=40000  OK    solve=  176.1s  sat=100.0%  wall=178s  [case118]
[2026-04-22 21:54:13] [ 76/140] START EIFICA   N= 80 ε=0.08 θ=0.12 seed=0  [case118]
[2026-04-22 21:54:47] [ 73/140] DONE  EIFICA   N= 50 ε=0.08 θ=0.12 seed=20000  OK    solve=   96.9s  sat=51.3%  wall=99s  [case118]
[2026-04-22 21:54:48] [ 77/140] START EIFICA   N= 80 ε=0.08 θ=0.12 seed=10000  [case118]
[2026-04-22 21:54:51] [ 74/140] DONE  EIFICA   N= 50 ε=0.08 θ=0.12 seed=30000  OK    solve=   95.9s  sat=94.7%  wall=98s  [case118]
[2026-04-22 21:54:51] [ 78/140] START EIFICA   N= 80 ε=0.08 θ=0.12 seed=20000  [case118]
[2026-04-22 21:55:48] [ 75/140] DONE  EIFICA   N= 50 ε=0.08 θ=0.12 seed=40000  OK    solve=   96.9s  sat=98.9%  wall=99s  [case118]
[2026-04-22 21:55:48] [ 79/140] START EIFICA   N= 80 ε=0.08 θ=0.12 seed=30000  [case118]
[2026-04-22 21:56:04] [ 76/140] DONE  EIFICA   N= 80 ε=0.08 θ=0.12 seed=0  OK    solve=  108.5s  sat=98.3%  wall=110s  [case118]
[2026-04-22 21:56:04] [ 80/140] START EIFICA   N= 80 ε=0.08 θ=0.12 seed=40000  [case118]
[2026-04-22 21:56:36] [ 77/140] DONE  EIFICA   N= 80 ε=0.08 θ=0.12 seed=10000  OK    solve=  106.3s  sat=95.7%  wall=108s  [case118]
[2026-04-22 21:56:36] [ 81/140] START EIFICA   N=100 ε=0.08 θ=0.12 seed=0  [case118]
[2026-04-22 21:56:39] [ 78/140] DONE  EIFICA   N= 80 ε=0.08 θ=0.12 seed=20000  OK    solve=  105.8s  sat=93.2%  wall=108s  [case118]
[2026-04-22 21:56:39] [ 82/140] START EIFICA   N=100 ε=0.08 θ=0.12 seed=10000  [case118]
[2026-04-22 21:57:37] [ 79/140] DONE  EIFICA   N= 80 ε=0.08 θ=0.12 seed=30000  OK    solve=  106.9s  sat=98.2%  wall=109s  [case118]
[2026-04-22 21:57:37] [ 83/140] START EIFICA   N=100 ε=0.08 θ=0.12 seed=20000  [case118]
[2026-04-22 21:57:54] [ 80/140] DONE  EIFICA   N= 80 ε=0.08 θ=0.12 seed=40000  OK    solve=  107.9s  sat=99.7%  wall=110s  [case118]
[2026-04-22 21:57:54] [ 84/140] START EIFICA   N=100 ε=0.08 θ=0.12 seed=30000  [case118]
[2026-04-22 21:58:33] [ 81/140] DONE  EIFICA   N=100 ε=0.08 θ=0.12 seed=0  OK    solve=  114.5s  sat=98.5%  wall=116s  [case118]
[2026-04-22 21:58:33] [ 85/140] START EIFICA   N=100 ε=0.08 θ=0.12 seed=40000  [case118]
[2026-04-22 21:58:34] [ 82/140] DONE  EIFICA   N=100 ε=0.08 θ=0.12 seed=10000  OK    solve=  113.0s  sat=96.2%  wall=115s  [case118]
[2026-04-22 21:58:36] [ 86/140] START EIFICA   N=150 ε=0.08 θ=0.12 seed=0  [case118]
[2026-04-22 21:59:33] [ 83/140] DONE  EIFICA   N=100 ε=0.08 θ=0.12 seed=20000  OK    solve=  113.6s  sat=93.0%  wall=115s  [case118]
[2026-04-22 21:59:33] [ 87/140] START EIFICA   N=150 ε=0.08 θ=0.12 seed=10000  [case118]
[2026-04-22 21:59:52] [ 84/140] DONE  EIFICA   N=100 ε=0.08 θ=0.12 seed=30000  OK    solve=  115.6s  sat=98.8%  wall=118s  [case118]
[2026-04-22 21:59:52] [ 88/140] START EIFICA   N=150 ε=0.08 θ=0.12 seed=20000  [case118]
[2026-04-22 22:00:29] [ 85/140] DONE  EIFICA   N=100 ε=0.08 θ=0.12 seed=40000  OK    solve=  113.9s  sat=99.8%  wall=116s  [case118]
[2026-04-22 22:00:29] [ 89/140] START EIFICA   N=150 ε=0.08 θ=0.12 seed=30000  [case118]
[2026-04-22 22:00:47] [ 86/140] DONE  EIFICA   N=150 ε=0.08 θ=0.12 seed=0  OK    solve=  128.1s  sat=99.6%  wall=130s  [case118]
[2026-04-22 22:00:48] [ 90/140] START EIFICA   N=150 ε=0.08 θ=0.12 seed=40000  [case118]
[2026-04-22 22:01:45] [ 87/140] DONE  EIFICA   N=150 ε=0.08 θ=0.12 seed=10000  OK    solve=  130.1s  sat=97.2%  wall=132s  [case118]
[2026-04-22 22:01:45] [ 91/140] START EIFICA   N=200 ε=0.08 θ=0.12 seed=0  [case118]
[2026-04-22 22:02:07] [ 88/140] DONE  EIFICA   N=150 ε=0.08 θ=0.12 seed=20000  OK    solve=  133.0s  sat=98.0%  wall=135s  [case118]
[2026-04-22 22:02:08] [ 92/140] START EIFICA   N=200 ε=0.08 θ=0.12 seed=10000  [case118]
[2026-04-22 22:02:42] [ 89/140] DONE  EIFICA   N=150 ε=0.08 θ=0.12 seed=30000  OK    solve=  130.5s  sat=98.8%  wall=132s  [case118]
[2026-04-22 22:02:42] [ 93/140] START EIFICA   N=200 ε=0.08 θ=0.12 seed=20000  [case118]
[2026-04-22 22:02:57] [ 90/140] DONE  EIFICA   N=150 ε=0.08 θ=0.12 seed=40000  OK    solve=  127.6s  sat=100.0%  wall=129s  [case118]
[2026-04-22 22:02:58] [ 94/140] START EIFICA   N=200 ε=0.08 θ=0.12 seed=30000  [case118]
[2026-04-22 22:04:14] [ 91/140] DONE  EIFICA   N=200 ε=0.08 θ=0.12 seed=0  OK    solve=  146.5s  sat=99.7%  wall=148s  [case118]
[2026-04-22 22:04:14] [ 95/140] START EIFICA   N=200 ε=0.08 θ=0.12 seed=40000  [case118]
[2026-04-22 22:04:39] [ 92/140] DONE  EIFICA   N=200 ε=0.08 θ=0.12 seed=10000  OK    solve=  149.3s  sat=97.5%  wall=151s  [case118]
[2026-04-22 22:04:40] [ 96/140] START EIFICA   N=250 ε=0.08 θ=0.12 seed=0  [case118]
[2026-04-22 22:05:12] [ 93/140] DONE  EIFICA   N=200 ε=0.08 θ=0.12 seed=20000  OK    solve=  148.1s  sat=98.0%  wall=150s  [case118]
[2026-04-22 22:05:13] [ 97/140] START EIFICA   N=250 ε=0.08 θ=0.12 seed=10000  [case118]
[2026-04-22 22:05:25] [ 94/140] DONE  EIFICA   N=200 ε=0.08 θ=0.12 seed=30000  OK    solve=  145.9s  sat=98.8%  wall=148s  [case118]
[2026-04-22 22:05:26] [ 98/140] START EIFICA   N=250 ε=0.08 θ=0.12 seed=20000  [case118]
[2026-04-22 22:06:43] [ 95/140] DONE  EIFICA   N=200 ε=0.08 θ=0.12 seed=40000  OK    solve=  147.0s  sat=100.0%  wall=149s  [case118]
[2026-04-22 22:06:44] [ 99/140] START EIFICA   N=250 ε=0.08 θ=0.12 seed=30000  [case118]
[2026-04-22 22:07:27] [ 96/140] DONE  EIFICA   N=250 ε=0.08 θ=0.12 seed=0  OK    solve=  164.8s  sat=99.8%  wall=167s  [case118]
[2026-04-22 22:07:27] [100/140] START EIFICA   N=250 ε=0.08 θ=0.12 seed=40000  [case118]
[2026-04-22 22:08:01] [ 97/140] DONE  EIFICA   N=250 ε=0.08 θ=0.12 seed=10000  OK    solve=  166.3s  sat=98.0%  wall=168s  [case118]
[2026-04-22 22:08:02] [101/140] START EIFICA   N=300 ε=0.08 θ=0.12 seed=0  [case118]
[2026-04-22 22:08:10] [ 98/140] DONE  EIFICA   N=250 ε=0.08 θ=0.12 seed=20000  OK    solve=  162.2s  sat=98.0%  wall=164s  [case118]
[2026-04-22 22:08:11] [102/140] START EIFICA   N=300 ε=0.08 θ=0.12 seed=10000  [case118]
[2026-04-22 22:09:31] [ 99/140] DONE  EIFICA   N=250 ε=0.08 θ=0.12 seed=30000  OK    solve=  164.9s  sat=98.7%  wall=167s  [case118]
[2026-04-22 22:09:32] [103/140] START EIFICA   N=300 ε=0.08 θ=0.12 seed=20000  [case118]
[2026-04-22 22:10:15] [100/140] DONE  EIFICA   N=250 ε=0.08 θ=0.12 seed=40000  OK    solve=  165.8s  sat=100.0%  wall=168s  [case118]
[2026-04-22 22:10:16] [104/140] START EIFICA   N=300 ε=0.08 θ=0.12 seed=30000  [case118]
[2026-04-22 22:11:07] [101/140] DONE  EIFICA   N=300 ε=0.08 θ=0.12 seed=0  OK    solve=  183.3s  sat=99.8%  wall=185s  [case118]
[2026-04-22 22:11:08] [105/140] START EIFICA   N=300 ε=0.08 θ=0.12 seed=40000  [case118]
[2026-04-22 22:11:12] [102/140] DONE  EIFICA   N=300 ε=0.08 θ=0.12 seed=10000  OK    solve=  178.9s  sat=98.0%  wall=181s  [case118]
[2026-04-22 22:11:12] [106/140] START EIFICA   N= 50 ε=0.1 θ=0.15 seed=0  [case118]
[2026-04-22 22:12:35] [103/140] DONE  EIFICA   N=300 ε=0.08 θ=0.12 seed=20000  OK    solve=  181.6s  sat=98.5%  wall=183s  [case118]
[2026-04-22 22:12:36] [107/140] START EIFICA   N= 50 ε=0.1 θ=0.15 seed=10000  [case118]
[2026-04-22 22:12:51] [106/140] DONE  EIFICA   N= 50 ε=0.1 θ=0.15 seed=0  OK    solve=   96.6s  sat=49.1%  wall=99s  [case118]
[2026-04-22 22:12:51] [108/140] START EIFICA   N= 50 ε=0.1 θ=0.15 seed=20000  [case118]
[2026-04-22 22:13:23] [104/140] DONE  EIFICA   N=300 ε=0.08 θ=0.12 seed=30000  OK    solve=  185.1s  sat=98.7%  wall=187s  [case118]
[2026-04-22 22:13:24] [109/140] START EIFICA   N= 50 ε=0.1 θ=0.15 seed=30000  [case118]
[2026-04-22 22:14:14] [105/140] DONE  EIFICA   N=300 ε=0.08 θ=0.12 seed=40000  OK    solve=  183.4s  sat=100.0%  wall=185s  [case118]
[2026-04-22 22:14:15] [110/140] START EIFICA   N= 50 ε=0.1 θ=0.15 seed=40000  [case118]
[2026-04-22 22:14:16] [107/140] DONE  EIFICA   N= 50 ε=0.1 θ=0.15 seed=10000  OK    solve=   97.6s  sat=91.3%  wall=99s  [case118]
[2026-04-22 22:14:16] [111/140] START EIFICA   N= 80 ε=0.1 θ=0.15 seed=0  [case118]
[2026-04-22 22:14:29] [108/140] DONE  EIFICA   N= 50 ε=0.1 θ=0.15 seed=20000  OK    solve=   96.3s  sat=54.5%  wall=98s  [case118]
[2026-04-22 22:14:30] [112/140] START EIFICA   N= 80 ε=0.1 θ=0.15 seed=10000  [case118]
[2026-04-22 22:15:06] [109/140] DONE  EIFICA   N= 50 ε=0.1 θ=0.15 seed=30000  OK    solve=   99.7s  sat=95.3%  wall=102s  [case118]
[2026-04-22 22:15:06] [113/140] START EIFICA   N= 80 ε=0.1 θ=0.15 seed=20000  [case118]
[2026-04-22 22:15:54] [110/140] DONE  EIFICA   N= 50 ε=0.1 θ=0.15 seed=40000  OK    solve=   97.6s  sat=99.3%  wall=99s  [case118]
[2026-04-22 22:15:54] [114/140] START EIFICA   N= 80 ε=0.1 θ=0.15 seed=30000  [case118]
[2026-04-22 22:16:06] [111/140] DONE  EIFICA   N= 80 ε=0.1 θ=0.15 seed=0  OK    solve=  108.5s  sat=98.2%  wall=110s  [case118]
[2026-04-22 22:16:07] [115/140] START EIFICA   N= 80 ε=0.1 θ=0.15 seed=40000  [case118]
[2026-04-22 22:16:18] [112/140] DONE  EIFICA   N= 80 ε=0.1 θ=0.15 seed=10000  OK    solve=  107.0s  sat=97.0%  wall=109s  [case118]
[2026-04-22 22:16:19] [116/140] START EIFICA   N=100 ε=0.1 θ=0.15 seed=0  [case118]
[2026-04-22 22:16:58] [113/140] DONE  EIFICA   N= 80 ε=0.1 θ=0.15 seed=20000  OK    solve=  110.3s  sat=94.1%  wall=112s  [case118]
[2026-04-22 22:16:58] [117/140] START EIFICA   N=100 ε=0.1 θ=0.15 seed=10000  [case118]
[2026-04-22 22:17:45] [114/140] DONE  EIFICA   N= 80 ε=0.1 θ=0.15 seed=30000  OK    solve=  108.8s  sat=98.5%  wall=111s  [case118]
[2026-04-22 22:17:45] [118/140] START EIFICA   N=100 ε=0.1 θ=0.15 seed=20000  [case118]
[2026-04-22 22:17:57] [115/140] DONE  EIFICA   N= 80 ε=0.1 θ=0.15 seed=40000  OK    solve=  108.5s  sat=99.9%  wall=110s  [case118]
[2026-04-22 22:17:57] [119/140] START EIFICA   N=100 ε=0.1 θ=0.15 seed=30000  [case118]
[2026-04-22 22:18:15] [116/140] DONE  EIFICA   N=100 ε=0.1 θ=0.15 seed=0  OK    solve=  114.6s  sat=98.6%  wall=116s  [case118]
[2026-04-22 22:18:16] [120/140] START EIFICA   N=100 ε=0.1 θ=0.15 seed=40000  [case118]
[2026-04-22 22:19:00] [117/140] DONE  EIFICA   N=100 ε=0.1 θ=0.15 seed=10000  OK    solve=  119.3s  sat=97.3%  wall=121s  [case118]
[2026-04-22 22:19:00] [121/140] START EIFICA   N=150 ε=0.1 θ=0.15 seed=0  [case118]
[2026-04-22 22:19:44] [118/140] DONE  EIFICA   N=100 ε=0.1 θ=0.15 seed=20000  OK    solve=  116.4s  sat=94.0%  wall=118s  [case118]
[2026-04-22 22:19:44] [122/140] START EIFICA   N=150 ε=0.1 θ=0.15 seed=10000  [case118]
[2026-04-22 22:19:55] [119/140] DONE  EIFICA   N=100 ε=0.1 θ=0.15 seed=30000  OK    solve=  115.6s  sat=98.8%  wall=117s  [case118]
[2026-04-22 22:19:55] [123/140] START EIFICA   N=150 ε=0.1 θ=0.15 seed=20000  [case118]
[2026-04-22 22:20:12] [120/140] DONE  EIFICA   N=100 ε=0.1 θ=0.15 seed=40000  OK    solve=  114.8s  sat=99.9%  wall=117s  [case118]
[2026-04-22 22:20:13] [124/140] START EIFICA   N=150 ε=0.1 θ=0.15 seed=30000  [case118]
[2026-04-22 22:21:16] [121/140] DONE  EIFICA   N=150 ε=0.1 θ=0.15 seed=0  OK    solve=  134.1s  sat=99.5%  wall=136s  [case118]
[2026-04-22 22:21:16] [125/140] START EIFICA   N=150 ε=0.1 θ=0.15 seed=40000  [case118]
[2026-04-22 22:21:59] [122/140] DONE  EIFICA   N=150 ε=0.1 θ=0.15 seed=10000  OK    solve=  132.7s  sat=97.4%  wall=135s  [case118]
[2026-04-22 22:21:59] [126/140] START EIFICA   N=200 ε=0.1 θ=0.15 seed=0  [case118]
[2026-04-22 22:22:09] [123/140] DONE  EIFICA   N=150 ε=0.1 θ=0.15 seed=20000  OK    solve=  131.9s  sat=98.0%  wall=134s  [case118]
[2026-04-22 22:22:10] [127/140] START EIFICA   N=200 ε=0.1 θ=0.15 seed=10000  [case118]
[2026-04-22 22:22:24] [124/140] DONE  EIFICA   N=150 ε=0.1 θ=0.15 seed=30000  OK    solve=  130.0s  sat=98.8%  wall=132s  [case118]
[2026-04-22 22:22:25] [128/140] START EIFICA   N=200 ε=0.1 θ=0.15 seed=20000  [case118]
[2026-04-22 22:23:33] [125/140] DONE  EIFICA   N=150 ε=0.1 θ=0.15 seed=40000  OK    solve=  134.6s  sat=100.0%  wall=137s  [case118]
[2026-04-22 22:23:34] [129/140] START EIFICA   N=200 ε=0.1 θ=0.15 seed=30000  [case118]
[2026-04-22 22:24:31] [126/140] DONE  EIFICA   N=200 ε=0.1 θ=0.15 seed=0  OK    solve=  150.2s  sat=99.7%  wall=152s  [case118]
[2026-04-22 22:24:34] [130/140] START EIFICA   N=200 ε=0.1 θ=0.15 seed=40000  [case118]
[2026-04-22 22:24:42] [127/140] DONE  EIFICA   N=200 ε=0.1 θ=0.15 seed=10000  OK    solve=  150.3s  sat=97.5%  wall=152s  [case118]
[2026-04-22 22:24:43] [131/140] START EIFICA   N=250 ε=0.1 θ=0.15 seed=0  [case118]
[2026-04-22 22:24:55] [128/140] DONE  EIFICA   N=200 ε=0.1 θ=0.15 seed=20000  OK    solve=  148.1s  sat=98.0%  wall=150s  [case118]
[2026-04-22 22:24:56] [132/140] START EIFICA   N=250 ε=0.1 θ=0.15 seed=10000  [case118]
[2026-04-22 22:26:09] [129/140] DONE  EIFICA   N=200 ε=0.1 θ=0.15 seed=30000  OK    solve=  153.4s  sat=98.7%  wall=155s  [case118]
[2026-04-22 22:26:10] [133/140] START EIFICA   N=250 ε=0.1 θ=0.15 seed=20000  [case118]
[2026-04-22 22:27:09] [130/140] DONE  EIFICA   N=200 ε=0.1 θ=0.15 seed=40000  OK    solve=  152.5s  sat=100.0%  wall=155s  [case118]
[2026-04-22 22:27:10] [134/140] START EIFICA   N=250 ε=0.1 θ=0.15 seed=30000  [case118]
[2026-04-22 22:27:33] [131/140] DONE  EIFICA   N=250 ε=0.1 θ=0.15 seed=0  OK    solve=  168.9s  sat=99.7%  wall=171s  [case118]
[2026-04-22 22:27:34] [135/140] START EIFICA   N=250 ε=0.1 θ=0.15 seed=40000  [case118]
[2026-04-22 22:27:44] [132/140] DONE  EIFICA   N=250 ε=0.1 θ=0.15 seed=10000  OK    solve=  166.2s  sat=98.0%  wall=168s  [case118]
[2026-04-22 22:27:44] [136/140] START EIFICA   N=300 ε=0.1 θ=0.15 seed=0  [case118]
[2026-04-22 22:29:03] [133/140] DONE  EIFICA   N=250 ε=0.1 θ=0.15 seed=20000  OK    solve=  171.6s  sat=98.1%  wall=174s  [case118]
[2026-04-22 22:29:04] [137/140] START EIFICA   N=300 ε=0.1 θ=0.15 seed=10000  [case118]
[2026-04-22 22:30:02] [134/140] DONE  EIFICA   N=250 ε=0.1 θ=0.15 seed=30000  OK    solve=  170.3s  sat=98.6%  wall=172s  [case118]
[2026-04-22 22:30:03] [138/140] START EIFICA   N=300 ε=0.1 θ=0.15 seed=20000  [case118]
[2026-04-22 22:30:25] [135/140] DONE  EIFICA   N=250 ε=0.1 θ=0.15 seed=40000  OK    solve=  168.9s  sat=100.0%  wall=171s  [case118]
[2026-04-22 22:30:28] [139/140] START EIFICA   N=300 ε=0.1 θ=0.15 seed=30000  [case118]
[2026-04-22 22:30:50] [136/140] DONE  EIFICA   N=300 ε=0.1 θ=0.15 seed=0  OK    solve=  183.7s  sat=99.8%  wall=186s  [case118]
[2026-04-22 22:30:53] [140/140] START EIFICA   N=300 ε=0.1 θ=0.15 seed=40000  [case118]
[2026-04-22 22:32:16] [137/140] DONE  EIFICA   N=300 ε=0.1 θ=0.15 seed=10000  OK    solve=  190.1s  sat=98.0%  wall=192s  [case118]
[2026-04-22 22:33:16] [138/140] DONE  EIFICA   N=300 ε=0.1 θ=0.15 seed=20000  OK    solve=  190.4s  sat=98.5%  wall=192s  [case118]
[2026-04-22 22:33:42] [139/140] DONE  EIFICA   N=300 ε=0.1 θ=0.15 seed=30000  OK    solve=  191.8s  sat=98.7%  wall=194s  [case118]
[2026-04-22 22:34:05] [140/140] DONE  EIFICA   N=300 ε=0.1 θ=0.15 seed=40000  OK    solve=  189.8s  sat=100.0%  wall=192s  [case118]
[2026-04-22 22:34:07] ======================================================================
[2026-04-22 22:34:07] 全部完成！汇总统计：
[2026-04-22 22:34:07] 总记录数: 140  完成/超时/错误: 140 / 0 / 0
[2026-04-22 22:34:07] 
求解时间(s)均值:
N_WDR              50       80       100      150      200      250      300
epsilon theta                                                               
0.03    0.06    94.351  113.045  109.095  123.326  138.730  153.484  171.201
0.05    0.10   103.375  104.877  111.496  126.142  144.452  157.312  174.617
0.08    0.12    96.668  107.100  114.145  129.855  147.375  164.793  182.461
0.10    0.15    97.572  108.627  116.145  132.659  150.901  169.181  189.161
[2026-04-22 22:34:07] 
样本外满足率均值:
N_WDR            50     80     100    150    200    250    300
epsilon theta                                                 
0.03    0.06   0.271  0.494  0.802  0.880  0.980  0.981  0.983
0.05    0.10   0.396  0.972  0.973  0.979  0.984  0.984  0.985
0.08    0.12   0.766  0.970  0.973  0.987  0.988  0.989  0.990
0.10    0.15   0.779  0.975  0.977  0.987  0.988  0.989  0.990
[2026-04-22 22:40:01] ======================================================================
[2026-04-22 22:40:01] case118 EIFICA 扩展性实验  num_ESS=6  num_gen=38（与case24对齐，唯一变量=网络拓扑）
[2026-04-22 22:40:01] 参数对齐：ess_exp_main.py（case24 280组实验），仅网络改为 case118
[2026-04-22 22:40:01] 方法：['EIFICA', 'FICA']  并行=2  Gurobi线程/组=8
[2026-04-22 22:40:01] 结果目录：/home/Ess/ess_exp_results/case118
[2026-04-22 22:40:01] ======================================================================
[2026-04-22 22:40:01] 已完成 140 组（npy存在），剩余 140 / 280 组
[2026-04-22 22:40:01] 开始并行执行 140 组任务 ...
[2026-04-22 22:40:02] [  2/140] START FICA     N= 50 ε=0.03 θ=0.06 seed=10000  [case118]
[2026-04-22 22:40:02] [  1/140] START FICA     N= 50 ε=0.03 θ=0.06 seed=0  [case118]
[2026-04-22 22:41:45] [  2/140] DONE  FICA     N= 50 ε=0.03 θ=0.06 seed=10000  OK    solve=  100.7s  sat=89.4%  wall=103s  [case118]
[2026-04-22 22:41:46] [  3/140] START FICA     N= 50 ε=0.03 θ=0.06 seed=20000  [case118]
[2026-04-22 22:41:46] [  1/140] DONE  FICA     N= 50 ε=0.03 θ=0.06 seed=0  OK    solve=  101.2s  sat=94.1%  wall=104s  [case118]
[2026-04-22 22:41:46] [  4/140] START FICA     N= 50 ε=0.03 θ=0.06 seed=30000  [case118]
[2026-04-22 22:43:27] [  3/140] DONE  FICA     N= 50 ε=0.03 θ=0.06 seed=20000  OK    solve=   98.9s  sat=93.7%  wall=101s  [case118]
[2026-04-22 22:43:27] [  5/140] START FICA     N= 50 ε=0.03 θ=0.06 seed=40000  [case118]
[2026-04-22 22:43:28] [  4/140] DONE  FICA     N= 50 ε=0.03 θ=0.06 seed=30000  OK    solve=  100.0s  sat=96.1%  wall=102s  [case118]
[2026-04-22 22:43:29] [  6/140] START FICA     N= 80 ε=0.03 θ=0.06 seed=0  [case118]
[2026-04-22 22:45:08] [  5/140] DONE  FICA     N= 50 ε=0.03 θ=0.06 seed=40000  OK    solve=   99.0s  sat=99.4%  wall=101s  [case118]
[2026-04-22 22:45:08] [  7/140] START FICA     N= 80 ε=0.03 θ=0.06 seed=10000  [case118]
[2026-04-22 22:45:28] [  6/140] DONE  FICA     N= 80 ε=0.03 θ=0.06 seed=0  OK    solve=  117.5s  sat=98.4%  wall=119s  [case118]
[2026-04-22 22:45:28] [  8/140] START FICA     N= 80 ε=0.03 θ=0.06 seed=20000  [case118]
[2026-04-22 22:45:52] ======================================================================
[2026-04-22 22:45:52] case118 EIFICA 扩展性实验  num_ESS=6  num_gen=38（与case24对齐，唯一变量=网络拓扑）
[2026-04-22 22:45:52] 参数对齐：ess_exp_main.py（case24 280组实验），仅网络改为 case118
[2026-04-22 22:45:52] 方法：['EIFICA', 'FICA']  并行=2  Gurobi线程/组=8
[2026-04-22 22:45:52] 结果目录：/home/Ess/ess_exp_results/case118
[2026-04-22 22:45:52] ======================================================================
[2026-04-22 22:45:52] 已完成 146 组（npy存在），剩余 134 / 280 组
[2026-04-22 22:45:52] 开始并行执行 134 组任务 ...
[2026-04-22 22:45:54] [  1/134] START FICA     N= 80 ε=0.03 θ=0.06 seed=10000  [case118]
[2026-04-22 22:45:54] [  2/134] START FICA     N= 80 ε=0.03 θ=0.06 seed=20000  [case118]
[2026-04-22 22:46:24] ======================================================================
[2026-04-22 22:46:24] case118 EIFICA 扩展性实验  num_ESS=6  num_gen=38（与case24对齐，唯一变量=网络拓扑）
[2026-04-22 22:46:24] 参数对齐：ess_exp_main.py（case24 280组实验），仅网络改为 case118
[2026-04-22 22:46:24] 方法：['EIFICA', 'FICA']  并行=2  Gurobi线程/组=8
[2026-04-22 22:46:24] 结果目录：/home/Ess/ess_exp_results/case118
[2026-04-22 22:46:24] ======================================================================
[2026-04-22 22:46:24] 已完成 146 组（npy存在），剩余 134 / 280 组
[2026-04-22 22:46:24] 开始并行执行 134 组任务 ...
[2026-04-22 22:46:26] [  1/134] START FICA     N= 80 ε=0.03 θ=0.06 seed=10000  [case118]
[2026-04-22 22:46:26] [  2/134] START FICA     N= 80 ε=0.03 θ=0.06 seed=20000  [case118]
[2026-04-22 22:48:25] [  1/134] DONE  FICA     N= 80 ε=0.03 θ=0.06 seed=10000  OK    solve=  116.8s  sat=96.8%  wall=119s  [case118]
[2026-04-22 22:48:26] [  3/134] START FICA     N= 80 ε=0.03 θ=0.06 seed=30000  [case118]
[2026-04-22 22:48:28] [  2/134] DONE  FICA     N= 80 ε=0.03 θ=0.06 seed=20000  OK    solve=  119.2s  sat=97.5%  wall=122s  [case118]
[2026-04-22 22:48:28] [  4/134] START FICA     N= 80 ε=0.03 θ=0.06 seed=40000  [case118]
[2026-04-22 22:50:26] [  3/134] DONE  FICA     N= 80 ε=0.03 θ=0.06 seed=30000  OK    solve=  117.8s  sat=98.3%  wall=120s  [case118]
[2026-04-22 22:50:26] [  5/134] START FICA     N=100 ε=0.03 θ=0.06 seed=0  [case118]
[2026-04-22 22:50:29] [  4/134] DONE  FICA     N= 80 ε=0.03 θ=0.06 seed=40000  OK    solve=  118.8s  sat=99.8%  wall=121s  [case118]
[2026-04-22 22:50:29] [  6/134] START FICA     N=100 ε=0.03 θ=0.06 seed=10000  [case118]
[2026-04-22 22:52:33] [  5/134] DONE  FICA     N=100 ε=0.03 θ=0.06 seed=0  OK    solve=  125.4s  sat=98.9%  wall=127s  [case118]
[2026-04-22 22:52:34] [  7/134] START FICA     N=100 ε=0.03 θ=0.06 seed=20000  [case118]
[2026-04-22 22:52:39] [  6/134] DONE  FICA     N=100 ε=0.03 θ=0.06 seed=10000  OK    solve=  127.8s  sat=97.5%  wall=130s  [case118]
[2026-04-22 22:52:39] [  8/134] START FICA     N=100 ε=0.03 θ=0.06 seed=30000  [case118]
[2026-04-22 22:54:42] [  7/134] DONE  FICA     N=100 ε=0.03 θ=0.06 seed=20000  OK    solve=  126.0s  sat=97.5%  wall=128s  [case118]
[2026-04-22 22:54:42] [  9/134] START FICA     N=100 ε=0.03 θ=0.06 seed=40000  [case118]
[2026-04-22 22:54:49] [  8/134] DONE  FICA     N=100 ε=0.03 θ=0.06 seed=30000  OK    solve=  128.3s  sat=98.9%  wall=130s  [case118]
[2026-04-22 22:54:50] [ 10/134] START FICA     N=150 ε=0.03 θ=0.06 seed=0  [case118]
[2026-04-22 22:56:50] [  9/134] DONE  FICA     N=100 ε=0.03 θ=0.06 seed=40000  OK    solve=  125.9s  sat=99.9%  wall=128s  [case118]
[2026-04-22 22:56:50] [ 11/134] START FICA     N=150 ε=0.03 θ=0.06 seed=10000  [case118]
[2026-04-22 22:57:21] [ 10/134] DONE  FICA     N=150 ε=0.03 θ=0.06 seed=0  OK    solve=  148.8s  sat=99.4%  wall=151s  [case118]
[2026-04-22 22:57:21] [ 12/134] START FICA     N=150 ε=0.03 θ=0.06 seed=20000  [case118]
[2026-04-22 22:59:20] [ 11/134] DONE  FICA     N=150 ε=0.03 θ=0.06 seed=10000  OK    solve=  147.4s  sat=97.9%  wall=149s  [case118]
[2026-04-22 22:59:20] [ 13/134] START FICA     N=150 ε=0.03 θ=0.06 seed=30000  [case118]
[2026-04-22 22:59:53] [ 12/134] DONE  FICA     N=150 ε=0.03 θ=0.06 seed=20000  OK    solve=  149.8s  sat=98.2%  wall=152s  [case118]
[2026-04-22 22:59:53] [ 14/134] START FICA     N=150 ε=0.03 θ=0.06 seed=40000  [case118]
[2026-04-22 23:01:50] [ 13/134] DONE  FICA     N=150 ε=0.03 θ=0.06 seed=30000  OK    solve=  148.2s  sat=98.8%  wall=150s  [case118]
[2026-04-22 23:01:51] [ 15/134] START FICA     N=200 ε=0.03 θ=0.06 seed=0  [case118]
[2026-04-22 23:02:26] [ 14/134] DONE  FICA     N=150 ε=0.03 θ=0.06 seed=40000  OK    solve=  150.6s  sat=99.9%  wall=152s  [case118]
[2026-04-22 23:02:26] [ 16/134] START FICA     N=200 ε=0.03 θ=0.06 seed=10000  [case118]
[2026-04-22 23:15:09] [ 15/134] DONE  FICA     N=200 ε=0.03 θ=0.06 seed=0  OK    solve=  796.0s  sat=99.8%  wall=798s  [case118]
[2026-04-22 23:15:10] [ 17/134] START FICA     N=200 ε=0.03 θ=0.06 seed=20000  [case118]
[2026-04-22 23:15:51] [ 16/134] DONE  FICA     N=200 ε=0.03 θ=0.06 seed=10000  OK    solve=  802.4s  sat=98.0%  wall=804s  [case118]
[2026-04-22 23:15:52] [ 18/134] START FICA     N=200 ε=0.03 θ=0.06 seed=30000  [case118]
[2026-04-22 23:28:11] [ 17/134] DONE  FICA     N=200 ε=0.03 θ=0.06 seed=20000  OK    solve=  779.8s  sat=98.3%  wall=782s  [case118]
[2026-04-22 23:28:12] [ 19/134] START FICA     N=200 ε=0.03 θ=0.06 seed=40000  [case118]
[2026-04-22 23:29:05] [ 18/134] DONE  FICA     N=200 ε=0.03 θ=0.06 seed=30000  OK    solve=  791.1s  sat=98.8%  wall=793s  [case118]
[2026-04-22 23:29:06] [ 20/134] START FICA     N=250 ε=0.03 θ=0.06 seed=0  [case118]
[2026-04-22 23:41:08] [ 19/134] DONE  FICA     N=200 ε=0.03 θ=0.06 seed=40000  OK    solve=  774.1s  sat=100.0%  wall=776s  [case118]
[2026-04-22 23:41:09] [ 21/134] START FICA     N=250 ε=0.03 θ=0.06 seed=10000  [case118]
[2026-04-22 23:47:04] [ 20/134] DONE  FICA     N=250 ε=0.03 θ=0.06 seed=0  OK    solve= 1076.3s  sat=99.8%  wall=1078s  [case118]
[2026-04-22 23:47:07] [ 22/134] START FICA     N=250 ε=0.03 θ=0.06 seed=20000  [case118]
[2026-04-22 23:59:32] [ 21/134] DONE  FICA     N=250 ε=0.03 θ=0.06 seed=10000  OK    solve= 1101.0s  sat=98.2%  wall=1103s  [case118]
[2026-04-22 23:59:33] [ 23/134] START FICA     N=250 ε=0.03 θ=0.06 seed=30000  [case118]
[2026-04-23 00:05:25] [ 22/134] DONE  FICA     N=250 ε=0.03 θ=0.06 seed=20000  OK    solve= 1095.5s  sat=98.3%  wall=1098s  [case118]
[2026-04-23 00:05:26] [ 24/134] START FICA     N=250 ε=0.03 θ=0.06 seed=40000  [case118]
[2026-04-23 00:13:58] [ 23/134] DONE  FICA     N=250 ε=0.03 θ=0.06 seed=30000  OK    solve=  862.9s  sat=98.8%  wall=865s  [case118]
[2026-04-23 00:14:01] [ 25/134] START FICA     N=300 ε=0.03 θ=0.06 seed=0  [case118]
[2026-04-23 00:22:14] [ 24/134] DONE  FICA     N=250 ε=0.03 θ=0.06 seed=40000  OK    solve= 1006.4s  sat=100.0%  wall=1008s  [case118]
[2026-04-23 00:22:15] [ 26/134] START FICA     N=300 ε=0.03 θ=0.06 seed=10000  [case118]
[2026-04-23 00:35:32] [ 25/134] DONE  FICA     N=300 ε=0.03 θ=0.06 seed=0  OK    solve= 1288.3s  sat=99.8%  wall=1291s  [case118]
[2026-04-23 00:35:33] [ 27/134] START FICA     N=300 ε=0.03 θ=0.06 seed=20000  [case118]
[2026-04-23 00:42:57] [ 26/134] DONE  FICA     N=300 ε=0.03 θ=0.06 seed=10000  OK    solve= 1240.1s  sat=98.2%  wall=1242s  [case118]
[2026-04-23 00:43:01] [ 28/134] START FICA     N=300 ε=0.03 θ=0.06 seed=30000  [case118]
[2026-04-23 00:56:24] [ 27/134] DONE  FICA     N=300 ε=0.03 θ=0.06 seed=20000  OK    solve= 1248.5s  sat=98.7%  wall=1250s  [case118]
[2026-04-23 00:56:25] [ 29/134] START FICA     N=300 ε=0.03 θ=0.06 seed=40000  [case118]
[2026-04-23 01:04:19] [ 28/134] DONE  FICA     N=300 ε=0.03 θ=0.06 seed=30000  OK    solve= 1275.8s  sat=98.9%  wall=1278s  [case118]
[2026-04-23 01:04:20] [ 30/134] START FICA     N= 50 ε=0.05 θ=0.1 seed=0  [case118]
[2026-04-23 01:06:05] [ 30/134] DONE  FICA     N= 50 ε=0.05 θ=0.1 seed=0  OK    solve=  103.5s  sat=94.7%  wall=105s  [case118]
[2026-04-23 01:06:06] [ 31/134] START FICA     N= 50 ε=0.05 θ=0.1 seed=10000  [case118]
[2026-04-23 01:07:51] [ 31/134] DONE  FICA     N= 50 ε=0.05 θ=0.1 seed=10000  OK    solve=  103.8s  sat=89.6%  wall=106s  [case118]
[2026-04-23 01:07:52] [ 32/134] START FICA     N= 50 ε=0.05 θ=0.1 seed=20000  [case118]
[2026-04-23 01:09:38] [ 32/134] DONE  FICA     N= 50 ε=0.05 θ=0.1 seed=20000  OK    solve=  104.6s  sat=94.4%  wall=106s  [case118]
[2026-04-23 01:09:38] [ 33/134] START FICA     N= 50 ε=0.05 θ=0.1 seed=30000  [case118]
[2026-04-23 01:11:26] [ 33/134] DONE  FICA     N= 50 ε=0.05 θ=0.1 seed=30000  OK    solve=  105.5s  sat=96.8%  wall=107s  [case118]
[2026-04-23 01:11:26] [ 34/134] START FICA     N= 50 ε=0.05 θ=0.1 seed=40000  [case118]
[2026-04-23 01:13:12] [ 34/134] DONE  FICA     N= 50 ε=0.05 θ=0.1 seed=40000  OK    solve=  103.7s  sat=99.4%  wall=106s  [case118]
[2026-04-23 01:13:12] [ 35/134] START FICA     N= 80 ε=0.05 θ=0.1 seed=0  [case118]
[2026-04-23 01:15:12] [ 35/134] DONE  FICA     N= 80 ε=0.05 θ=0.1 seed=0  OK    solve=  118.3s  sat=98.8%  wall=120s  [case118]
[2026-04-23 01:15:12] [ 36/134] START FICA     N= 80 ε=0.05 θ=0.1 seed=10000  [case118]
[2026-04-23 01:17:14] [ 36/134] DONE  FICA     N= 80 ε=0.05 θ=0.1 seed=10000  OK    solve=  120.2s  sat=97.2%  wall=122s  [case118]
[2026-04-23 01:17:15] [ 37/134] START FICA     N= 80 ε=0.05 θ=0.1 seed=20000  [case118]
[2026-04-23 01:19:06] [ 29/134] DONE  FICA     N=300 ε=0.03 θ=0.06 seed=40000  OK    solve= 1359.0s  sat=100.0%  wall=1361s  [case118]
[2026-04-23 01:19:10] [ 38/134] START FICA     N= 80 ε=0.05 θ=0.1 seed=30000  [case118]
[2026-04-23 01:19:16] [ 37/134] DONE  FICA     N= 80 ε=0.05 θ=0.1 seed=20000  OK    solve=  119.7s  sat=97.6%  wall=122s  [case118]
[2026-04-23 01:19:17] [ 39/134] START FICA     N= 80 ε=0.05 θ=0.1 seed=40000  [case118]
[2026-04-23 01:21:10] [ 38/134] DONE  FICA     N= 80 ε=0.05 θ=0.1 seed=30000  OK    solve=  118.4s  sat=98.6%  wall=121s  [case118]
[2026-04-23 01:21:11] [ 40/134] START FICA     N=100 ε=0.05 θ=0.1 seed=0  [case118]
[2026-04-23 01:21:16] [ 39/134] DONE  FICA     N= 80 ε=0.05 θ=0.1 seed=40000  OK    solve=  117.0s  sat=99.9%  wall=119s  [case118]
[2026-04-23 01:21:16] [ 41/134] START FICA     N=100 ε=0.05 θ=0.1 seed=10000  [case118]
[2026-04-23 01:23:20] [ 40/134] DONE  FICA     N=100 ε=0.05 θ=0.1 seed=0  OK    solve=  127.5s  sat=99.0%  wall=129s  [case118]
[2026-04-23 01:23:21] [ 42/134] START FICA     N=100 ε=0.05 θ=0.1 seed=20000  [case118]
[2026-04-23 01:23:24] [ 41/134] DONE  FICA     N=100 ε=0.05 θ=0.1 seed=10000  OK    solve=  126.0s  sat=97.5%  wall=128s  [case118]
[2026-04-23 01:23:24] [ 43/134] START FICA     N=100 ε=0.05 θ=0.1 seed=30000  [case118]
[2026-04-23 01:25:31] [ 42/134] DONE  FICA     N=100 ε=0.05 θ=0.1 seed=20000  OK    solve=  128.4s  sat=97.5%  wall=130s  [case118]
[2026-04-23 01:25:32] [ 43/134] DONE  FICA     N=100 ε=0.05 θ=0.1 seed=30000  OK    solve=  125.6s  sat=99.0%  wall=127s  [case118]
[2026-04-23 01:25:32] [ 44/134] START FICA     N=100 ε=0.05 θ=0.1 seed=40000  [case118]
[2026-04-23 01:25:32] [ 45/134] START FICA     N=150 ε=0.05 θ=0.1 seed=0  [case118]
[2026-04-23 01:27:41] [ 44/134] DONE  FICA     N=100 ε=0.05 θ=0.1 seed=40000  OK    solve=  127.8s  sat=100.0%  wall=130s  [case118]
[2026-04-23 01:27:42] [ 46/134] START FICA     N=150 ε=0.05 θ=0.1 seed=10000  [case118]
[2026-04-23 01:28:00] [ 45/134] DONE  FICA     N=150 ε=0.05 θ=0.1 seed=0  OK    solve=  146.5s  sat=99.7%  wall=148s  [case118]
[2026-04-23 01:28:01] [ 47/134] START FICA     N=150 ε=0.05 θ=0.1 seed=20000  [case118]
[2026-04-23 01:30:15] [ 46/134] DONE  FICA     N=150 ε=0.05 θ=0.1 seed=10000  OK    solve=  150.9s  sat=97.9%  wall=153s  [case118]
[2026-04-23 01:30:16] [ 48/134] START FICA     N=150 ε=0.05 θ=0.1 seed=30000  [case118]
[2026-04-23 01:30:31] [ 47/134] DONE  FICA     N=150 ε=0.05 θ=0.1 seed=20000  OK    solve=  147.9s  sat=98.3%  wall=150s  [case118]
[2026-04-23 01:30:31] [ 49/134] START FICA     N=150 ε=0.05 θ=0.1 seed=40000  [case118]
[2026-04-23 01:32:48] [ 48/134] DONE  FICA     N=150 ε=0.05 θ=0.1 seed=30000  OK    solve=  150.5s  sat=98.9%  wall=152s  [case118]
[2026-04-23 01:32:49] [ 50/134] START FICA     N=200 ε=0.05 θ=0.1 seed=0  [case118]
[2026-04-23 01:33:02] [ 49/134] DONE  FICA     N=150 ε=0.05 θ=0.1 seed=40000  OK    solve=  148.5s  sat=100.0%  wall=150s  [case118]
[2026-04-23 01:33:02] [ 51/134] START FICA     N=200 ε=0.05 θ=0.1 seed=10000  [case118]
[2026-04-23 01:45:58] [ 51/134] DONE  FICA     N=200 ε=0.05 θ=0.1 seed=10000  OK    solve=  773.7s  sat=98.0%  wall=775s  [case118]
[2026-04-23 01:45:59] [ 52/134] START FICA     N=200 ε=0.05 θ=0.1 seed=20000  [case118]
[2026-04-23 01:46:09] [ 50/134] DONE  FICA     N=200 ε=0.05 θ=0.1 seed=0  OK    solve=  798.3s  sat=99.8%  wall=800s  [case118]
[2026-04-23 01:46:10] [ 53/134] START FICA     N=200 ε=0.05 θ=0.1 seed=30000  [case118]
[2026-04-23 01:58:41] [ 53/134] DONE  FICA     N=200 ε=0.05 θ=0.1 seed=30000  OK    solve=  749.3s  sat=98.8%  wall=751s  [case118]
[2026-04-23 01:58:42] [ 54/134] START FICA     N=200 ε=0.05 θ=0.1 seed=40000  [case118]
[2026-04-23 01:59:00] [ 52/134] DONE  FICA     N=200 ε=0.05 θ=0.1 seed=20000  OK    solve=  779.2s  sat=98.3%  wall=781s  [case118]
[2026-04-23 01:59:01] [ 55/134] START FICA     N=250 ε=0.05 θ=0.1 seed=0  [case118]
[2026-04-23 02:11:14] [ 54/134] DONE  FICA     N=200 ε=0.05 θ=0.1 seed=40000  OK    solve=  750.4s  sat=100.0%  wall=752s  [case118]
[2026-04-23 02:11:15] [ 56/134] START FICA     N=250 ε=0.05 θ=0.1 seed=10000  [case118]
[2026-04-23 02:16:08] [ 55/134] DONE  FICA     N=250 ε=0.05 θ=0.1 seed=0  OK    solve= 1025.5s  sat=99.8%  wall=1027s  [case118]
[2026-04-23 02:16:09] [ 57/134] START FICA     N=250 ε=0.05 θ=0.1 seed=20000  [case118]
[2026-04-23 02:28:29] [ 56/134] DONE  FICA     N=250 ε=0.05 θ=0.1 seed=10000  OK    solve= 1032.4s  sat=98.2%  wall=1034s  [case118]
[2026-04-23 02:28:33] [ 58/134] START FICA     N=250 ε=0.05 θ=0.1 seed=30000  [case118]
[2026-04-23 02:33:41] [ 57/134] DONE  FICA     N=250 ε=0.05 θ=0.1 seed=20000  OK    solve= 1049.9s  sat=98.3%  wall=1052s  [case118]
[2026-04-23 02:33:42] [ 59/134] START FICA     N=250 ε=0.05 θ=0.1 seed=40000  [case118]
[2026-04-23 02:46:12] [ 58/134] DONE  FICA     N=250 ε=0.05 θ=0.1 seed=30000  OK    solve= 1056.8s  sat=98.8%  wall=1059s  [case118]
[2026-04-23 02:46:13] [ 60/134] START FICA     N=300 ε=0.05 θ=0.1 seed=0  [case118]
[2026-04-23 02:50:47] [ 59/134] DONE  FICA     N=250 ε=0.05 θ=0.1 seed=40000  OK    solve= 1022.7s  sat=100.0%  wall=1025s  [case118]
[2026-04-23 02:50:48] [ 61/134] START FICA     N=300 ε=0.05 θ=0.1 seed=10000  [case118]
[2026-04-23 03:09:28] [ 60/134] DONE  FICA     N=300 ε=0.05 θ=0.1 seed=0  OK    solve= 1392.3s  sat=99.8%  wall=1394s  [case118]
[2026-04-23 03:09:32] [ 62/134] START FICA     N=300 ε=0.05 θ=0.1 seed=20000  [case118]
[2026-04-23 03:13:25] [ 61/134] DONE  FICA     N=300 ε=0.05 θ=0.1 seed=10000  OK    solve= 1356.1s  sat=98.2%  wall=1358s  [case118]
[2026-04-23 03:13:29] [ 63/134] START FICA     N=300 ε=0.05 θ=0.1 seed=30000  [case118]
[2026-04-23 03:32:33] [ 62/134] DONE  FICA     N=300 ε=0.05 θ=0.1 seed=20000  OK    solve= 1378.6s  sat=98.7%  wall=1381s  [case118]
[2026-04-23 03:32:35] [ 64/134] START FICA     N=300 ε=0.05 θ=0.1 seed=40000  [case118]
[2026-04-23 03:36:45] [ 63/134] DONE  FICA     N=300 ε=0.05 θ=0.1 seed=30000  OK    solve= 1393.9s  sat=98.8%  wall=1396s  [case118]
[2026-04-23 03:36:47] [ 65/134] START FICA     N= 50 ε=0.08 θ=0.12 seed=0  [case118]
[2026-04-23 03:38:37] [ 65/134] DONE  FICA     N= 50 ε=0.08 θ=0.12 seed=0  OK    solve=  108.1s  sat=94.3%  wall=110s  [case118]
[2026-04-23 03:38:37] [ 66/134] START FICA     N= 50 ε=0.08 θ=0.12 seed=10000  [case118]
[2026-04-23 03:40:27] [ 66/134] DONE  FICA     N= 50 ε=0.08 θ=0.12 seed=10000  OK    solve=  108.0s  sat=92.6%  wall=110s  [case118]
[2026-04-23 03:40:27] [ 67/134] START FICA     N= 50 ε=0.08 θ=0.12 seed=20000  [case118]
[2026-04-23 03:42:17] [ 67/134] DONE  FICA     N= 50 ε=0.08 θ=0.12 seed=20000  OK    solve=  108.1s  sat=93.2%  wall=110s  [case118]
[2026-04-23 03:42:17] [ 68/134] START FICA     N= 50 ε=0.08 θ=0.12 seed=30000  [case118]
[2026-04-23 03:44:08] [ 68/134] DONE  FICA     N= 50 ε=0.08 θ=0.12 seed=30000  OK    solve=  108.3s  sat=96.9%  wall=110s  [case118]
[2026-04-23 03:44:08] [ 69/134] START FICA     N= 50 ε=0.08 θ=0.12 seed=40000  [case118]
[2026-04-23 03:45:57] [ 69/134] DONE  FICA     N= 50 ε=0.08 θ=0.12 seed=40000  OK    solve=  107.8s  sat=99.5%  wall=110s  [case118]
[2026-04-23 03:45:58] [ 70/134] START FICA     N= 80 ε=0.08 θ=0.12 seed=0  [case118]
[2026-04-23 03:48:00] [ 70/134] DONE  FICA     N= 80 ε=0.08 θ=0.12 seed=0  OK    solve=  120.4s  sat=98.9%  wall=122s  [case118]
[2026-04-23 03:48:00] [ 71/134] START FICA     N= 80 ε=0.08 θ=0.12 seed=10000  [case118]
[2026-04-23 03:50:03] [ 71/134] DONE  FICA     N= 80 ε=0.08 θ=0.12 seed=10000  OK    solve=  120.7s  sat=97.1%  wall=123s  [case118]
[2026-04-23 03:50:03] [ 72/134] START FICA     N= 80 ε=0.08 θ=0.12 seed=20000  [case118]
[2026-04-23 03:52:07] [ 72/134] DONE  FICA     N= 80 ε=0.08 θ=0.12 seed=20000  OK    solve=  122.3s  sat=96.9%  wall=124s  [case118]
[2026-04-23 03:52:08] [ 73/134] START FICA     N= 80 ε=0.08 θ=0.12 seed=30000  [case118]
[2026-04-23 03:53:53] [ 64/134] DONE  FICA     N=300 ε=0.05 θ=0.1 seed=40000  OK    solve= 1276.6s  sat=100.0%  wall=1279s  [case118]
[2026-04-23 03:53:55] [ 74/134] START FICA     N= 80 ε=0.08 θ=0.12 seed=40000  [case118]
[2026-04-23 03:54:12] [ 73/134] DONE  FICA     N= 80 ε=0.08 θ=0.12 seed=30000  OK    solve=  122.1s  sat=98.3%  wall=124s  [case118]
[2026-04-23 03:54:12] [ 75/134] START FICA     N=100 ε=0.08 θ=0.12 seed=0  [case118]
[2026-04-23 03:55:56] [ 74/134] DONE  FICA     N= 80 ε=0.08 θ=0.12 seed=40000  OK    solve=  119.2s  sat=99.9%  wall=121s  [case118]
[2026-04-23 03:55:56] [ 76/134] START FICA     N=100 ε=0.08 θ=0.12 seed=10000  [case118]
[2026-04-23 03:56:24] [ 75/134] DONE  FICA     N=100 ε=0.08 θ=0.12 seed=0  OK    solve=  129.8s  sat=99.1%  wall=132s  [case118]
[2026-04-23 03:56:24] [ 77/134] START FICA     N=100 ε=0.08 θ=0.12 seed=20000  [case118]
[2026-04-23 03:58:06] [ 76/134] DONE  FICA     N=100 ε=0.08 θ=0.12 seed=10000  OK    solve=  128.3s  sat=97.4%  wall=130s  [case118]
[2026-04-23 03:58:07] [ 78/134] START FICA     N=100 ε=0.08 θ=0.12 seed=30000  [case118]
[2026-04-23 03:58:37] [ 77/134] DONE  FICA     N=100 ε=0.08 θ=0.12 seed=20000  OK    solve=  130.6s  sat=96.8%  wall=132s  [case118]
[2026-04-23 03:58:37] [ 79/134] START FICA     N=100 ε=0.08 θ=0.12 seed=40000  [case118]
[2026-04-23 04:00:16] [ 78/134] DONE  FICA     N=100 ε=0.08 θ=0.12 seed=30000  OK    solve=  128.2s  sat=98.8%  wall=130s  [case118]
[2026-04-23 04:00:17] [ 80/134] START FICA     N=150 ε=0.08 θ=0.12 seed=0  [case118]
[2026-04-23 04:00:49] [ 79/134] DONE  FICA     N=100 ε=0.08 θ=0.12 seed=40000  OK    solve=  129.8s  sat=99.9%  wall=132s  [case118]
[2026-04-23 04:00:49] [ 81/134] START FICA     N=150 ε=0.08 θ=0.12 seed=10000  [case118]
[2026-04-23 04:02:48] [ 80/134] DONE  FICA     N=150 ε=0.08 θ=0.12 seed=0  OK    solve=  149.1s  sat=99.7%  wall=151s  [case118]
[2026-04-23 04:02:48] [ 82/134] START FICA     N=150 ε=0.08 θ=0.12 seed=20000  [case118]
[2026-04-23 04:03:25] [ 81/134] DONE  FICA     N=150 ε=0.08 θ=0.12 seed=10000  OK    solve=  153.4s  sat=97.4%  wall=155s  [case118]
[2026-04-23 04:03:25] [ 83/134] START FICA     N=150 ε=0.08 θ=0.12 seed=30000  [case118]
[2026-04-23 04:05:21] [ 82/134] DONE  FICA     N=150 ε=0.08 θ=0.12 seed=20000  OK    solve=  150.5s  sat=98.0%  wall=152s  [case118]
[2026-04-23 04:05:21] [ 84/134] START FICA     N=150 ε=0.08 θ=0.12 seed=40000  [case118]
[2026-04-23 04:06:01] [ 83/134] DONE  FICA     N=150 ε=0.08 θ=0.12 seed=30000  OK    solve=  153.5s  sat=98.7%  wall=155s  [case118]
[2026-04-23 04:06:01] [ 85/134] START FICA     N=200 ε=0.08 θ=0.12 seed=0  [case118]
[2026-04-23 04:07:54] [ 84/134] DONE  FICA     N=150 ε=0.08 θ=0.12 seed=40000  OK    solve=  150.5s  sat=100.0%  wall=152s  [case118]
[2026-04-23 04:07:54] [ 86/134] START FICA     N=200 ε=0.08 θ=0.12 seed=10000  [case118]
[2026-04-23 04:19:52] [ 85/134] DONE  FICA     N=200 ε=0.08 θ=0.12 seed=0  OK    solve=  829.1s  sat=99.7%  wall=831s  [case118]
[2026-04-23 04:19:53] [ 87/134] START FICA     N=200 ε=0.08 θ=0.12 seed=20000  [case118]
[2026-04-23 04:21:29] [ 86/134] DONE  FICA     N=200 ε=0.08 θ=0.12 seed=10000  OK    solve=  812.9s  sat=97.4%  wall=815s  [case118]
[2026-04-23 04:21:30] [ 88/134] START FICA     N=200 ε=0.08 θ=0.12 seed=30000  [case118]
[2026-04-23 04:33:52] [ 87/134] DONE  FICA     N=200 ε=0.08 θ=0.12 seed=20000  OK    solve=  837.0s  sat=98.0%  wall=839s  [case118]
[2026-04-23 04:33:53] [ 89/134] START FICA     N=200 ε=0.08 θ=0.12 seed=40000  [case118]
[2026-04-23 04:35:13] [ 88/134] DONE  FICA     N=200 ε=0.08 θ=0.12 seed=30000  OK    solve=  821.1s  sat=98.8%  wall=823s  [case118]
[2026-04-23 04:35:14] [ 90/134] START FICA     N=250 ε=0.08 θ=0.12 seed=0  [case118]
[2026-04-23 04:47:19] [ 89/134] DONE  FICA     N=200 ε=0.08 θ=0.12 seed=40000  OK    solve=  804.6s  sat=100.0%  wall=806s  [case118]
[2026-04-23 04:47:20] [ 91/134] START FICA     N=250 ε=0.08 θ=0.12 seed=10000  [case118]
[2026-04-23 04:54:06] [ 90/134] DONE  FICA     N=250 ε=0.08 θ=0.12 seed=0  OK    solve= 1130.4s  sat=99.8%  wall=1132s  [case118]
[2026-04-23 04:54:07] [ 92/134] START FICA     N=250 ε=0.08 θ=0.12 seed=20000  [case118]
[2026-04-23 05:05:55] [ 91/134] DONE  FICA     N=250 ε=0.08 θ=0.12 seed=10000  OK    solve= 1113.0s  sat=98.0%  wall=1115s  [case118]
[2026-04-23 05:05:56] [ 93/134] START FICA     N=250 ε=0.08 θ=0.12 seed=30000  [case118]
[2026-04-23 05:12:16] [ 92/134] DONE  FICA     N=250 ε=0.08 θ=0.12 seed=20000  OK    solve= 1086.9s  sat=98.1%  wall=1089s  [case118]
[2026-04-23 05:12:17] [ 94/134] START FICA     N=250 ε=0.08 θ=0.12 seed=40000  [case118]
[2026-04-23 05:24:38] [ 93/134] DONE  FICA     N=250 ε=0.08 θ=0.12 seed=30000  OK    solve= 1120.1s  sat=98.7%  wall=1122s  [case118]
[2026-04-23 05:24:39] [ 95/134] START FICA     N=300 ε=0.08 θ=0.12 seed=0  [case118]
[2026-04-23 05:30:46] [ 94/134] DONE  FICA     N=250 ε=0.08 θ=0.12 seed=40000  OK    solve= 1107.7s  sat=100.0%  wall=1110s  [case118]
[2026-04-23 05:30:47] [ 96/134] START FICA     N=300 ε=0.08 θ=0.12 seed=10000  [case118]
[2026-04-23 05:49:34] [ 95/134] DONE  FICA     N=300 ε=0.08 θ=0.12 seed=0  OK    solve= 1493.0s  sat=99.8%  wall=1495s  [case118]
[2026-04-23 05:49:36] [ 97/134] START FICA     N=300 ε=0.08 θ=0.12 seed=20000  [case118]
[2026-04-23 05:54:16] [ 96/134] DONE  FICA     N=300 ε=0.08 θ=0.12 seed=10000  OK    solve= 1406.6s  sat=98.0%  wall=1408s  [case118]
[2026-04-23 05:54:17] [ 98/134] START FICA     N=300 ε=0.08 θ=0.12 seed=30000  [case118]
[2026-04-23 06:11:15] [ 97/134] DONE  FICA     N=300 ε=0.08 θ=0.12 seed=20000  OK    solve= 1297.4s  sat=98.5%  wall=1299s  [case118]
[2026-04-23 06:11:16] [ 99/134] START FICA     N=300 ε=0.08 θ=0.12 seed=40000  [case118]
[2026-04-23 06:16:39] [ 98/134] DONE  FICA     N=300 ε=0.08 θ=0.12 seed=30000  OK    solve= 1340.1s  sat=98.7%  wall=1342s  [case118]
[2026-04-23 06:16:40] [100/134] START FICA     N= 50 ε=0.1 θ=0.15 seed=0  [case118]
[2026-04-23 06:18:28] [100/134] DONE  FICA     N= 50 ε=0.1 θ=0.15 seed=0  OK    solve=  106.1s  sat=94.7%  wall=108s  [case118]
[2026-04-23 06:18:28] [101/134] START FICA     N= 50 ε=0.1 θ=0.15 seed=10000  [case118]
[2026-04-23 06:20:17] [101/134] DONE  FICA     N= 50 ε=0.1 θ=0.15 seed=10000  OK    solve=  106.6s  sat=92.5%  wall=108s  [case118]
[2026-04-23 06:20:17] [102/134] START FICA     N= 50 ε=0.1 θ=0.15 seed=20000  [case118]
[2026-04-23 06:22:06] [102/134] DONE  FICA     N= 50 ε=0.1 θ=0.15 seed=20000  OK    solve=  107.1s  sat=93.3%  wall=109s  [case118]
[2026-04-23 06:22:06] [103/134] START FICA     N= 50 ε=0.1 θ=0.15 seed=30000  [case118]
[2026-04-23 06:23:55] [103/134] DONE  FICA     N= 50 ε=0.1 θ=0.15 seed=30000  OK    solve=  106.8s  sat=97.0%  wall=109s  [case118]
[2026-04-23 06:23:55] [104/134] START FICA     N= 50 ε=0.1 θ=0.15 seed=40000  [case118]
[2026-04-23 06:25:43] [104/134] DONE  FICA     N= 50 ε=0.1 θ=0.15 seed=40000  OK    solve=  106.4s  sat=99.5%  wall=108s  [case118]
[2026-04-23 06:25:43] [105/134] START FICA     N= 80 ε=0.1 θ=0.15 seed=0  [case118]
[2026-04-23 06:27:45] [105/134] DONE  FICA     N= 80 ε=0.1 θ=0.15 seed=0  OK    solve=  119.8s  sat=98.7%  wall=122s  [case118]
[2026-04-23 06:27:45] [106/134] START FICA     N= 80 ε=0.1 θ=0.15 seed=10000  [case118]
[2026-04-23 06:29:47] [106/134] DONE  FICA     N= 80 ε=0.1 θ=0.15 seed=10000  OK    solve=  119.7s  sat=97.2%  wall=122s  [case118]
[2026-04-23 06:29:47] [107/134] START FICA     N= 80 ε=0.1 θ=0.15 seed=20000  [case118]
[2026-04-23 06:31:50] [107/134] DONE  FICA     N= 80 ε=0.1 θ=0.15 seed=20000  OK    solve=  120.5s  sat=96.9%  wall=122s  [case118]
[2026-04-23 06:31:50] [108/134] START FICA     N= 80 ε=0.1 θ=0.15 seed=30000  [case118]
[2026-04-23 06:33:52] [108/134] DONE  FICA     N= 80 ε=0.1 θ=0.15 seed=30000  OK    solve=  120.1s  sat=98.5%  wall=122s  [case118]
[2026-04-23 06:33:52] [109/134] START FICA     N= 80 ε=0.1 θ=0.15 seed=40000  [case118]
[2026-04-23 06:34:19] [ 99/134] DONE  FICA     N=300 ε=0.08 θ=0.12 seed=40000  OK    solve= 1380.4s  sat=100.0%  wall=1382s  [case118]
[2026-04-23 06:34:20] [110/134] START FICA     N=100 ε=0.1 θ=0.15 seed=0  [case118]
[2026-04-23 06:35:54] [109/134] DONE  FICA     N= 80 ε=0.1 θ=0.15 seed=40000  OK    solve=  119.9s  sat=99.9%  wall=122s  [case118]
[2026-04-23 06:35:54] [111/134] START FICA     N=100 ε=0.1 θ=0.15 seed=10000  [case118]
[2026-04-23 06:36:33] [110/134] DONE  FICA     N=100 ε=0.1 θ=0.15 seed=0  OK    solve=  131.1s  sat=99.2%  wall=133s  [case118]
[2026-04-23 06:36:33] [112/134] START FICA     N=100 ε=0.1 θ=0.15 seed=20000  [case118]
[2026-04-23 06:38:05] [111/134] DONE  FICA     N=100 ε=0.1 θ=0.15 seed=10000  OK    solve=  129.0s  sat=97.4%  wall=131s  [case118]
[2026-04-23 06:38:06] [113/134] START FICA     N=100 ε=0.1 θ=0.15 seed=30000  [case118]
[2026-04-23 06:38:46] [112/134] DONE  FICA     N=100 ε=0.1 θ=0.15 seed=20000  OK    solve=  131.2s  sat=96.8%  wall=133s  [case118]
[2026-04-23 06:38:47] [114/134] START FICA     N=100 ε=0.1 θ=0.15 seed=40000  [case118]
[2026-04-23 06:40:17] [113/134] DONE  FICA     N=100 ε=0.1 θ=0.15 seed=30000  OK    solve=  129.4s  sat=98.9%  wall=131s  [case118]
[2026-04-23 06:40:17] [115/134] START FICA     N=150 ε=0.1 θ=0.15 seed=0  [case118]
[2026-04-23 06:41:00] [114/134] DONE  FICA     N=100 ε=0.1 θ=0.15 seed=40000  OK    solve=  131.4s  sat=100.0%  wall=133s  [case118]
[2026-04-23 06:41:00] [116/134] START FICA     N=150 ε=0.1 θ=0.15 seed=10000  [case118]
[2026-04-23 06:42:51] [115/134] DONE  FICA     N=150 ε=0.1 θ=0.15 seed=0  OK    solve=  151.3s  sat=99.7%  wall=153s  [case118]
[2026-04-23 06:42:51] [117/134] START FICA     N=150 ε=0.1 θ=0.15 seed=20000  [case118]
[2026-04-23 06:43:37] [116/134] DONE  FICA     N=150 ε=0.1 θ=0.15 seed=10000  OK    solve=  154.8s  sat=97.4%  wall=157s  [case118]
[2026-04-23 06:43:38] [118/134] START FICA     N=150 ε=0.1 θ=0.15 seed=30000  [case118]
[2026-04-23 06:45:25] [117/134] DONE  FICA     N=150 ε=0.1 θ=0.15 seed=20000  OK    solve=  152.0s  sat=98.0%  wall=154s  [case118]
[2026-04-23 06:45:26] [119/134] START FICA     N=150 ε=0.1 θ=0.15 seed=40000  [case118]
[2026-04-23 06:46:15] [118/134] DONE  FICA     N=150 ε=0.1 θ=0.15 seed=30000  OK    solve=  155.0s  sat=98.8%  wall=157s  [case118]
[2026-04-23 06:46:15] [120/134] START FICA     N=200 ε=0.1 θ=0.15 seed=0  [case118]
[2026-04-23 06:48:00] [119/134] DONE  FICA     N=150 ε=0.1 θ=0.15 seed=40000  OK    solve=  152.6s  sat=100.0%  wall=155s  [case118]
[2026-04-23 06:48:01] [121/134] START FICA     N=200 ε=0.1 θ=0.15 seed=10000  [case118]
[2026-04-23 07:00:14] [120/134] DONE  FICA     N=200 ε=0.1 θ=0.15 seed=0  OK    solve=  836.6s  sat=99.8%  wall=838s  [case118]
[2026-04-23 07:00:15] [122/134] START FICA     N=200 ε=0.1 θ=0.15 seed=20000  [case118]
[2026-04-23 07:02:43] [121/134] DONE  FICA     N=200 ε=0.1 θ=0.15 seed=10000  OK    solve=  879.8s  sat=97.4%  wall=882s  [case118]
[2026-04-23 07:02:43] [123/134] START FICA     N=200 ε=0.1 θ=0.15 seed=30000  [case118]
[2026-04-23 07:14:55] [122/134] DONE  FICA     N=200 ε=0.1 θ=0.15 seed=20000  OK    solve=  878.0s  sat=98.0%  wall=880s  [case118]
[2026-04-23 07:14:55] [124/134] START FICA     N=200 ε=0.1 θ=0.15 seed=40000  [case118]
[2026-04-23 07:17:30] [123/134] DONE  FICA     N=200 ε=0.1 θ=0.15 seed=30000  OK    solve=  885.0s  sat=98.7%  wall=887s  [case118]
[2026-04-23 07:17:31] [125/134] START FICA     N=250 ε=0.1 θ=0.15 seed=0  [case118]
[2026-04-23 07:29:17] [124/134] DONE  FICA     N=200 ε=0.1 θ=0.15 seed=40000  OK    solve=  859.7s  sat=100.0%  wall=862s  [case118]
[2026-04-23 07:29:18] [126/134] START FICA     N=250 ε=0.1 θ=0.15 seed=10000  [case118]
[2026-04-23 07:37:01] [125/134] DONE  FICA     N=250 ε=0.1 θ=0.15 seed=0  OK    solve= 1168.0s  sat=99.8%  wall=1170s  [case118]
[2026-04-23 07:37:02] [127/134] START FICA     N=250 ε=0.1 θ=0.15 seed=20000  [case118]
[2026-04-23 07:48:28] [126/134] DONE  FICA     N=250 ε=0.1 θ=0.15 seed=10000  OK    solve= 1147.7s  sat=98.0%  wall=1150s  [case118]
[2026-04-23 07:48:29] [128/134] START FICA     N=250 ε=0.1 θ=0.15 seed=30000  [case118]
[2026-04-23 07:56:53] [127/134] DONE  FICA     N=250 ε=0.1 θ=0.15 seed=20000  OK    solve= 1189.2s  sat=98.1%  wall=1191s  [case118]
[2026-04-23 07:56:54] [129/134] START FICA     N=250 ε=0.1 θ=0.15 seed=40000  [case118]
[2026-04-23 08:08:04] [128/134] DONE  FICA     N=250 ε=0.1 θ=0.15 seed=30000  OK    solve= 1173.7s  sat=98.6%  wall=1176s  [case118]
[2026-04-23 08:08:07] [130/134] START FICA     N=300 ε=0.1 θ=0.15 seed=0  [case118]
[2026-04-23 08:16:07] [129/134] DONE  FICA     N=250 ε=0.1 θ=0.15 seed=40000  OK    solve= 1150.7s  sat=100.0%  wall=1153s  [case118]
[2026-04-23 08:16:08] [131/134] START FICA     N=300 ε=0.1 θ=0.15 seed=10000  [case118]
[2026-04-23 08:34:37] [130/134] DONE  FICA     N=300 ε=0.1 θ=0.15 seed=0  OK    solve= 1586.7s  sat=99.8%  wall=1589s  [case118]
[2026-04-23 08:34:38] [132/134] START FICA     N=300 ε=0.1 θ=0.15 seed=20000  [case118]
[2026-04-23 08:38:46] [131/134] DONE  FICA     N=300 ε=0.1 θ=0.15 seed=10000  OK    solve= 1356.1s  sat=98.0%  wall=1358s  [case118]
[2026-04-23 08:38:49] [133/134] START FICA     N=300 ε=0.1 θ=0.15 seed=30000  [case118]
[2026-04-23 08:59:00] [132/134] DONE  FICA     N=300 ε=0.1 θ=0.15 seed=20000  OK    solve= 1460.6s  sat=98.5%  wall=1463s  [case118]
[2026-04-23 08:59:02] [134/134] START FICA     N=300 ε=0.1 θ=0.15 seed=40000  [case118]
[2026-04-23 09:04:44] [133/134] DONE  FICA     N=300 ε=0.1 θ=0.15 seed=30000  OK    solve= 1552.4s  sat=98.8%  wall=1555s  [case118]
[2026-04-23 09:23:05] [134/134] DONE  FICA     N=300 ε=0.1 θ=0.15 seed=40000  OK    solve= 1441.7s  sat=100.0%  wall=1444s  [case118]
[2026-04-23 09:23:07] ======================================================================
[2026-04-23 09:23:07] 全部完成！汇总统计：
[2026-04-23 09:23:07] 总记录数: 280  完成/超时/错误: 280 / 0 / 0
[2026-04-23 09:23:07] 
求解时间(s)均值:
N_WDR              50       80       100      150      200      250      300
epsilon theta                                                               
0.03    0.06    97.166  115.542  117.886  136.139  463.706  590.963  726.771
0.05    0.10   103.798  111.787  119.281  137.503  457.327  597.397  767.068
0.08    0.12   102.366  114.024  121.736  140.622  484.152  638.194  782.982
0.10    0.15   102.087  114.313  123.287  142.899  509.357  667.528  834.331
[2026-04-23 09:23:07] 
样本外满足率均值:
N_WDR            50     80     100    150    200    250    300
epsilon theta                                                 
0.03    0.06   0.608  0.738  0.894  0.935  0.985  0.986  0.987
0.05    0.10   0.673  0.978  0.980  0.984  0.987  0.987  0.988
0.08    0.12   0.860  0.976  0.978  0.988  0.988  0.989  0.990
0.10    0.15   0.867  0.979  0.981  0.988  0.988  0.989  0.990
[2026-04-23 10:50:37] ======================================================================
[2026-04-23 10:50:37] case118 EIFICA 扩展性实验  num_ESS=6  num_gen=38（与case24对齐，唯一变量=网络拓扑）
[2026-04-23 10:50:37] 参数对齐：ess_exp_main.py（case24 280组实验），仅网络改为 case118
[2026-04-23 10:50:37] 方法：['EIFICA', 'FICA']  并行=2  Gurobi线程/组=8
[2026-04-23 10:50:37] 结果目录：/home/Ess/ess_exp_results/case118
[2026-04-23 10:50:37] ======================================================================
[2026-04-23 10:50:37] 已完成 280 组（npy存在），剩余 40 / 320 组
[2026-04-23 10:50:37] 开始并行执行 40 组任务 ...
[2026-04-23 10:50:39] [  1/40] START EIFICA   N=350 ε=0.03 θ=0.06 seed=0  [case118]
[2026-04-23 10:50:39] [  2/40] START EIFICA   N=350 ε=0.03 θ=0.06 seed=10000  [case118]
[2026-04-23 10:53:48] [  2/40] DONE  EIFICA   N=350 ε=0.03 θ=0.06 seed=10000  OK    solve=  186.2s  sat=97.8%  wall=189s  [case118]
[2026-04-23 10:53:49] [  3/40] START EIFICA   N=350 ε=0.03 θ=0.06 seed=20000  [case118]
[2026-04-23 10:53:51] [  1/40] DONE  EIFICA   N=350 ε=0.03 θ=0.06 seed=0  OK    solve=  189.1s  sat=99.7%  wall=192s  [case118]
[2026-04-23 10:53:52] [  4/40] START EIFICA   N=350 ε=0.03 θ=0.06 seed=30000  [case118]
[2026-04-23 10:56:56] [  3/40] DONE  EIFICA   N=350 ε=0.03 θ=0.06 seed=20000  OK    solve=  185.1s  sat=95.3%  wall=187s  [case118]
[2026-04-23 10:56:57] [  5/40] START EIFICA   N=350 ε=0.03 θ=0.06 seed=40000  [case118]
[2026-04-23 10:57:02] [  4/40] DONE  EIFICA   N=350 ε=0.03 θ=0.06 seed=30000  OK    solve=  187.8s  sat=98.9%  wall=190s  [case118]
[2026-04-23 10:57:03] [  6/40] START EIFICA   N=350 ε=0.05 θ=0.1 seed=0  [case118]
[2026-04-23 11:00:03] [  5/40] DONE  EIFICA   N=350 ε=0.03 θ=0.06 seed=40000  OK    solve=  183.9s  sat=100.0%  wall=186s  [case118]
[2026-04-23 11:00:05] [  7/40] START EIFICA   N=350 ε=0.05 θ=0.1 seed=10000  [case118]
[2026-04-23 11:00:17] [  6/40] DONE  EIFICA   N=350 ε=0.05 θ=0.1 seed=0  OK    solve=  191.6s  sat=99.8%  wall=193s  [case118]
[2026-04-23 11:00:18] [  8/40] START EIFICA   N=350 ε=0.05 θ=0.1 seed=20000  [case118]
[2026-04-23 11:03:17] [  7/40] DONE  EIFICA   N=350 ε=0.05 θ=0.1 seed=10000  OK    solve=  190.7s  sat=97.8%  wall=193s  [case118]
[2026-04-23 11:03:18] [  9/40] START EIFICA   N=350 ε=0.05 θ=0.1 seed=30000  [case118]
[2026-04-23 11:03:32] [  8/40] DONE  EIFICA   N=350 ε=0.05 θ=0.1 seed=20000  OK    solve=  192.7s  sat=96.2%  wall=195s  [case118]
[2026-04-23 11:03:36] [ 10/40] START EIFICA   N=350 ε=0.05 θ=0.1 seed=40000  [case118]
[2026-04-23 11:06:31] [  9/40] DONE  EIFICA   N=350 ε=0.05 θ=0.1 seed=30000  OK    solve=  191.0s  sat=98.9%  wall=193s  [case118]
[2026-04-23 11:06:33] [ 11/40] START EIFICA   N=350 ε=0.08 θ=0.12 seed=0  [case118]
[2026-04-23 11:06:51] [ 10/40] DONE  EIFICA   N=350 ε=0.05 θ=0.1 seed=40000  OK    solve=  192.8s  sat=100.0%  wall=195s  [case118]
[2026-04-23 11:06:53] [ 12/40] START EIFICA   N=350 ε=0.08 θ=0.12 seed=10000  [case118]
[2026-04-23 11:09:55] [ 11/40] DONE  EIFICA   N=350 ε=0.08 θ=0.12 seed=0  OK    solve=  200.9s  sat=99.8%  wall=203s  [case118]
[2026-04-23 11:09:57] [ 13/40] START EIFICA   N=350 ε=0.08 θ=0.12 seed=20000  [case118]
[2026-04-23 11:10:18] [ 12/40] DONE  EIFICA   N=350 ε=0.08 θ=0.12 seed=10000  OK    solve=  202.9s  sat=98.0%  wall=205s  [case118]
[2026-04-23 11:10:19] [ 14/40] START EIFICA   N=350 ε=0.08 θ=0.12 seed=30000  [case118]
[2026-04-23 11:13:20] [ 13/40] DONE  EIFICA   N=350 ε=0.08 θ=0.12 seed=20000  OK    solve=  201.3s  sat=98.5%  wall=203s  [case118]
[2026-04-23 11:13:21] [ 15/40] START EIFICA   N=350 ε=0.08 θ=0.12 seed=40000  [case118]
[2026-04-23 11:13:43] [ 14/40] DONE  EIFICA   N=350 ε=0.08 θ=0.12 seed=30000  OK    solve=  202.5s  sat=98.7%  wall=204s  [case118]
[2026-04-23 11:13:45] [ 16/40] START EIFICA   N=350 ε=0.1 θ=0.15 seed=0  [case118]
[2026-04-23 11:16:44] [ 15/40] DONE  EIFICA   N=350 ε=0.08 θ=0.12 seed=40000  OK    solve=  201.1s  sat=100.0%  wall=203s  [case118]
[2026-04-23 11:16:45] [ 17/40] START EIFICA   N=350 ε=0.1 θ=0.15 seed=10000  [case118]
[2026-04-23 11:20:58] [ 16/40] DONE  EIFICA   N=350 ε=0.1 θ=0.15 seed=0  OK    solve=  431.8s  sat=99.8%  wall=434s  [case118]
[2026-04-23 11:21:00] [ 18/40] START EIFICA   N=350 ε=0.1 θ=0.15 seed=20000  [case118]
[2026-04-23 11:23:52] [ 17/40] DONE  EIFICA   N=350 ε=0.1 θ=0.15 seed=10000  OK    solve=  425.2s  sat=98.0%  wall=427s  [case118]
[2026-04-23 11:23:54] [ 19/40] START EIFICA   N=350 ε=0.1 θ=0.15 seed=30000  [case118]
[2026-04-23 11:28:02] [ 18/40] DONE  EIFICA   N=350 ε=0.1 θ=0.15 seed=20000  OK    solve=  420.5s  sat=98.5%  wall=422s  [case118]
[2026-04-23 11:28:04] [ 20/40] START EIFICA   N=350 ε=0.1 θ=0.15 seed=40000  [case118]
[2026-04-23 11:31:10] [ 19/40] DONE  EIFICA   N=350 ε=0.1 θ=0.15 seed=30000  OK    solve=  434.6s  sat=98.7%  wall=436s  [case118]
[2026-04-23 11:31:11] [ 21/40] START FICA     N=350 ε=0.03 θ=0.06 seed=0  [case118]
[2026-04-23 11:35:06] [ 20/40] DONE  EIFICA   N=350 ε=0.1 θ=0.15 seed=40000  OK    solve=  420.7s  sat=100.0%  wall=423s  [case118]
[2026-04-23 11:35:07] [ 22/40] START FICA     N=350 ε=0.03 θ=0.06 seed=10000  [case118]
[2026-04-23 11:56:10] [ 21/40] DONE  FICA     N=350 ε=0.03 θ=0.06 seed=0  OK    solve= 1496.7s  sat=99.8%  wall=1499s  [case118]
[2026-04-23 11:56:14] [ 23/40] START FICA     N=350 ε=0.03 θ=0.06 seed=20000  [case118]
[2026-04-23 12:00:08] [ 22/40] DONE  FICA     N=350 ε=0.03 θ=0.06 seed=10000  OK    solve= 1498.9s  sat=98.2%  wall=1501s  [case118]
[2026-04-23 12:00:10] [ 24/40] START FICA     N=350 ε=0.03 θ=0.06 seed=30000  [case118]
DONE at Thu Apr 23 01:31:51 PM CST 2026
[2026-04-23 13:32:19] ======================================================================
[2026-04-23 13:32:19] ======================================================================
[2026-04-23 13:32:19] case118 EIFICA 扩展性实验  num_ESS=6  num_gen=38（与case24对齐，唯一变量=网络拓扑）
[2026-04-23 13:32:19] case118 EIFICA 扩展性实验  num_ESS=6  num_gen=38（与case24对齐，唯一变量=网络拓扑）
[2026-04-23 13:32:19] 参数对齐：ess_exp_main.py（case24 280组实验），仅网络改为 case118
[2026-04-23 13:32:19] 参数对齐：ess_exp_main.py（case24 280组实验），仅网络改为 case118
[2026-04-23 13:32:19] 方法：['EIFICA', 'FICA']  并行=2  Gurobi线程/组=8
[2026-04-23 13:32:19] 方法：['EIFICA', 'FICA']  并行=2  Gurobi线程/组=8
[2026-04-23 13:32:19] 结果目录：/home/Ess/ess_exp_results/case118
[2026-04-23 13:32:19] 结果目录：/home/Ess/ess_exp_results/case118
[2026-04-23 13:32:19] ======================================================================
[2026-04-23 13:32:19] ======================================================================
[2026-04-23 13:32:19] 已完成 302 组（npy存在），剩余 18 / 320 组
[2026-04-23 13:32:19] 已完成 302 组（npy存在），剩余 18 / 320 组
[2026-04-23 13:32:19] 开始并行执行 18 组任务 ...
[2026-04-23 13:32:19] 开始并行执行 18 组任务 ...
[2026-04-23 13:32:21] [  2/18] START FICA     N=350 ε=0.03 θ=0.06 seed=30000  [case118]
[2026-04-23 13:32:21] [  2/18] START FICA     N=350 ε=0.03 θ=0.06 seed=30000  [case118]
[2026-04-23 13:32:21] [  1/18] START FICA     N=350 ε=0.03 θ=0.06 seed=20000  [case118]
[2026-04-23 13:32:21] [  1/18] START FICA     N=350 ε=0.03 θ=0.06 seed=20000  [case118]
--- Calling solve_PD_instance with method=FICA, N_WDR=350, epsilon=0.03, time_limit=28800, MIPGap=0.001 ---

=== ESS Integration ===
ESS units: 6, Total power: 424.20 MW, eta_c=0.95, eta_d=0.95
  ESS 0: P=114.21 MW, E=114.21 MWh (26.9%, 1.0h)
  ESS 1: P=48.95 MW, E=195.78 MWh (11.5%, 4.0h)
  ESS 2: P=81.58 MW, E=163.15 MWh (19.2%, 2.0h)
  ESS 3: P=32.63 MW, E=97.89 MWh (7.7%, 3.0h)
  ESS 4: P=48.95 MW, E=73.42 MWh (11.5%, 1.5h)
  ESS 5: P=97.89 MW, E=244.73 MWh (23.1%, 2.5h)
  误差还原因子（预测标准差）: 145.4465
✓ 光伏场景生成完成:
  预测形状: (48, 5)
  误差样本形状: (6000, 48, 5)
  完整场景形状: (6000, 48, 5)
  归一化因子: 721.5468
  说明: 48个时间点，与风电完全对齐

=== Solar Integration ===
Solar total capacity: 1908.90 MW (45% of load)
Individual solar station: 381.78 MW
Daylight hours: 6:00-18:00 (time window: 0-24)
[FICA] N_WDR=350, epsilon=0.03, theta=0.06
Set parameter WLSAccessID
--- Calling solve_PD_instance with method=FICA, N_WDR=350, epsilon=0.03, time_limit=28800, MIPGap=0.001 ---

=== ESS Integration ===
ESS units: 6, Total power: 424.20 MW, eta_c=0.95, eta_d=0.95
  ESS 0: P=114.21 MW, E=114.21 MWh (26.9%, 1.0h)
  ESS 1: P=48.95 MW, E=195.78 MWh (11.5%, 4.0h)
  ESS 2: P=81.58 MW, E=163.15 MWh (19.2%, 2.0h)
  ESS 3: P=32.63 MW, E=97.89 MWh (7.7%, 3.0h)
  ESS 4: P=48.95 MW, E=73.42 MWh (11.5%, 1.5h)
  ESS 5: P=97.89 MW, E=244.73 MWh (23.1%, 2.5h)
  误差还原因子（预测标准差）: 145.4465
✓ 光伏场景生成完成:
  预测形状: (48, 5)
  误差样本形状: (6000, 48, 5)
  完整场景形状: (6000, 48, 5)
  归一化因子: 721.5468
  说明: 48个时间点，与风电完全对齐

=== Solar Integration ===
Solar total capacity: 1908.90 MW (45% of load)
Individual solar station: 381.78 MW
Daylight hours: 6:00-18:00 (time window: 0-24)
[FICA] N_WDR=350, epsilon=0.03, theta=0.06
Set parameter WLSAccessID
Set parameter WLSSecret
Set parameter WLSSecret
Set parameter LicenseID to value 2721591
Set parameter LicenseID to value 2721591
Academic license 2721591 - for non-commercial use only - registered to fa___@mails.neu.edu.cn
Academic license 2721591 - for non-commercial use only - registered to fa___@mails.neu.edu.cn
Setting Gurobi Params: TimeLimit=28800, MIPGap=0.001
Set parameter MIPGap to value 0.001
Set parameter Seed to value 30000
Set parameter Threads to value 8
Set parameter InfUnbdInfo to value 1
Set parameter TimeLimit to value 28800
Setting Gurobi Params: TimeLimit=28800, MIPGap=0.001
Set parameter MIPGap to value 0.001
Set parameter Seed to value 20000
Set parameter Threads to value 8
Set parameter InfUnbdInfo to value 1
Set parameter TimeLimit to value 28800
Gurobi Optimizer version 12.0.3 build v12.0.3rc0 (linux64 - "Ubuntu 22.04.5 LTS")

CPU model: Intel(R) Xeon(R) Platinum 8378A CPU @ 3.00GHz, instruction set [SSE2|AVX|AVX2|AVX512]
Thread count: 32 physical cores, 64 logical processors, using up to 8 threads

Non-default parameters:
TimeLimit  28800
MIPGap  0.001
InfUnbdInfo  1
Seed  30000
Threads  8

Academic license 2721591 - for non-commercial use only - registered to fa___@mails.neu.edu.cn
Optimize a model with 4118512 rows, 3045 columns and 367409396 nonzeros
Gurobi Optimizer version 12.0.3 build v12.0.3rc0 (linux64 - "Ubuntu 22.04.5 LTS")

CPU model: Intel(R) Xeon(R) Platinum 8378A CPU @ 3.00GHz, instruction set [SSE2|AVX|AVX2|AVX512]
Thread count: 32 physical cores, 64 logical processors, using up to 8 threads

Non-default parameters:
TimeLimit  28800
MIPGap  0.001
InfUnbdInfo  1
Seed  20000
Threads  8

Academic license 2721591 - for non-commercial use only - registered to fa___@mails.neu.edu.cn
Optimize a model with 4118512 rows, 3045 columns and 367409396 nonzeros
Model fingerprint: 0x5c7f3a20
Model has 912 quadratic objective terms
Model fingerprint: 0xebbafec9
Model has 912 quadratic objective terms
Coefficient statistics:
  Matrix range     [7e-08, 3e+02]
  Objective range  [5e+00, 6e+01]
  QObjective range [4e-03, 2e-02]
  Bounds range     [8e-02, 1e+00]
  RHS range        [3e-04, 1e+04]
Coefficient statistics:
  Matrix range     [7e-08, 2e+02]
  Objective range  [5e+00, 6e+01]
  QObjective range [4e-03, 2e-02]
  Bounds range     [8e-02, 1e+00]
  RHS range        [3e-04, 1e+04]
Presolve removed 0 rows and 0 columns (presolve time = 12s)...
Presolve removed 0 rows and 0 columns (presolve time = 12s)...
Presolve removed 3127788 rows and 150 columns (presolve time = 19s)...
Presolve removed 3127788 rows and 150 columns (presolve time = 19s)...
Presolve removed 3127788 rows and 150 columns (presolve time = 20s)...
Presolve removed 3127788 rows and 150 columns (presolve time = 20s)...
Presolve removed 3449715 rows and 150 columns (presolve time = 27s)...
Presolve removed 3449715 rows and 150 columns (presolve time = 27s)...
Presolve removed 3450592 rows and 153 columns
Presolve removed 3450592 rows and 153 columns
Presolve time: 33.14s
Presolved: 667920 rows, 3766 columns, 7039617 nonzeros
Presolved model has 912 quadratic objective terms
Presolve time: 33.17s
Presolved: 667920 rows, 3766 columns, 7039617 nonzeros
Presolved model has 912 quadratic objective terms
Elapsed ordering time = 35s
Elapsed ordering time = 34s
Elapsed ordering time = 102s
Elapsed ordering time = 103s
Traceback (most recent call last):
  File "/home/Ess/ess_exp_case118.py", line 237, in <module>
    Parallel(n_jobs=N_PARALLEL, backend='loky')(
  File "/root/miniconda3/envs/fica/lib/python3.9/site-packages/joblib/parallel.py", line 2072, in __call__
    return output if self.return_generator else list(output)
  File "/root/miniconda3/envs/fica/lib/python3.9/site-packages/joblib/parallel.py", line 1682, in _get_outputs
    yield from self._retrieve()
  File "/root/miniconda3/envs/fica/lib/python3.9/site-packages/joblib/parallel.py", line 1784, in _retrieve
    self._raise_error_fast()
  File "/root/miniconda3/envs/fica/lib/python3.9/site-packages/joblib/parallel.py", line 1859, in _raise_error_fast
    error_job.get_result(self.timeout)
  File "/root/miniconda3/envs/fica/lib/python3.9/site-packages/joblib/parallel.py", line 758, in get_result
    return self._return_or_raise()
  File "/root/miniconda3/envs/fica/lib/python3.9/site-packages/joblib/parallel.py", line 773, in _return_or_raise
    raise self._result
joblib.externals.loky.process_executor.TerminatedWorkerError: A worker process managed by the executor was unexpectedly terminated. This could be caused by a segmentation fault while calling the function or by an excessive memory usage causing the Operating System to kill the worker.

The exit codes of the workers are {SIGKILL(-9)}
Detailed tracebacks of the workers should have been printed to stderr in the executor process if faulthandler was not disabled.
DONE at Thu Apr 23 01:47:34 PM CST 2026
[2026-04-23 13:51:08] ======================================================================
[2026-04-23 13:51:08] case118 EIFICA 扩展性实验  num_ESS=6  num_gen=38（与case24对齐，唯一变量=网络拓扑）
[2026-04-23 13:51:08] 参数对齐：ess_exp_main.py（case24 280组实验），仅网络改为 case118
[2026-04-23 13:51:08] 方法：['EIFICA', 'FICA']  并行=1  Gurobi线程/组=4
[2026-04-23 13:51:08] 结果目录：/home/Ess/ess_exp_results/case118
[2026-04-23 13:51:08] ======================================================================
[2026-04-23 13:51:08] 已完成 302 组（npy存在），剩余 18 / 320 组
[2026-04-23 13:51:08] 开始并行执行 18 组任务 ...
[2026-04-23 13:51:11] [  1/18] START FICA     N=350 ε=0.03 θ=0.06 seed=20000  [case118]
[2026-04-23 14:19:44] [  1/18] DONE  FICA     N=350 ε=0.03 θ=0.06 seed=20000  OK    solve= 1710.3s  sat=98.7%  wall=1713s  [case118]
[2026-04-23 14:19:45] [  2/18] START FICA     N=350 ε=0.03 θ=0.06 seed=30000  [case118]
[2026-04-23 14:45:17] [  2/18] DONE  FICA     N=350 ε=0.03 θ=0.06 seed=30000  OK    solve= 1530.5s  sat=98.9%  wall=1532s  [case118]
[2026-04-23 14:45:19] [  3/18] START FICA     N=350 ε=0.03 θ=0.06 seed=40000  [case118]
[2026-04-23 15:12:54] [  3/18] DONE  FICA     N=350 ε=0.03 θ=0.06 seed=40000  OK    solve= 1653.7s  sat=100.0%  wall=1656s  [case118]
[2026-04-23 15:12:56] [  4/18] START FICA     N=350 ε=0.05 θ=0.1 seed=0  [case118]
[2026-04-23 15:43:14] [  4/18] DONE  FICA     N=350 ε=0.05 θ=0.1 seed=0  OK    solve= 1816.0s  sat=99.8%  wall=1818s  [case118]
[2026-04-23 15:43:15] [  5/18] START FICA     N=350 ε=0.05 θ=0.1 seed=10000  [case118]
[2026-04-23 16:09:41] [  5/18] DONE  FICA     N=350 ε=0.05 θ=0.1 seed=10000  OK    solve= 1584.6s  sat=98.2%  wall=1586s  [case118]
[2026-04-23 16:09:43] [  6/18] START FICA     N=350 ε=0.05 θ=0.1 seed=20000  [case118]
[2026-04-23 16:37:11] [  6/18] DONE  FICA     N=350 ε=0.05 θ=0.1 seed=20000  OK    solve= 1646.6s  sat=98.7%  wall=1649s  [case118]
[2026-04-23 16:37:13] [  7/18] START FICA     N=350 ε=0.05 θ=0.1 seed=30000  [case118]
[2026-04-23 17:05:23] [  7/18] DONE  FICA     N=350 ε=0.05 θ=0.1 seed=30000  OK    solve= 1688.6s  sat=98.8%  wall=1690s  [case118]
[2026-04-23 17:05:25] [  8/18] START FICA     N=350 ε=0.05 θ=0.1 seed=40000  [case118]
[2026-04-23 17:33:54] [  8/18] DONE  FICA     N=350 ε=0.05 θ=0.1 seed=40000  OK    solve= 1708.1s  sat=100.0%  wall=1710s  [case118]
[2026-04-23 17:33:56] [  9/18] START FICA     N=350 ε=0.08 θ=0.12 seed=0  [case118]
[2026-04-23 18:02:49] [  9/18] DONE  FICA     N=350 ε=0.08 θ=0.12 seed=0  OK    solve= 1731.3s  sat=99.8%  wall=1733s  [case118]
[2026-04-23 18:02:50] [ 10/18] START FICA     N=350 ε=0.08 θ=0.12 seed=10000  [case118]
[2026-04-23 18:33:53] [ 10/18] DONE  FICA     N=350 ε=0.08 θ=0.12 seed=10000  OK    solve= 1860.9s  sat=98.0%  wall=1863s  [case118]
[2026-04-23 18:33:54] [ 11/18] START FICA     N=350 ε=0.08 θ=0.12 seed=20000  [case118]
[2026-04-23 19:08:39] [ 11/18] DONE  FICA     N=350 ε=0.08 θ=0.12 seed=20000  OK    solve= 2083.1s  sat=98.5%  wall=2085s  [case118]
[2026-04-23 19:08:41] [ 12/18] START FICA     N=350 ε=0.08 θ=0.12 seed=30000  [case118]
[2026-04-23 19:38:27] [ 12/18] DONE  FICA     N=350 ε=0.08 θ=0.12 seed=30000  OK    solve= 1784.4s  sat=98.7%  wall=1786s  [case118]
[2026-04-23 19:38:28] [ 13/18] START FICA     N=350 ε=0.08 θ=0.12 seed=40000  [case118]
[2026-04-23 20:08:01] [ 13/18] DONE  FICA     N=350 ε=0.08 θ=0.12 seed=40000  OK    solve= 1771.3s  sat=100.0%  wall=1773s  [case118]
[2026-04-23 20:08:03] [ 14/18] START FICA     N=350 ε=0.1 θ=0.15 seed=0  [case118]
[2026-04-23 20:38:05] [ 14/18] DONE  FICA     N=350 ε=0.1 θ=0.15 seed=0  OK    solve= 1800.8s  sat=99.8%  wall=1803s  [case118]
[2026-04-23 20:38:07] [ 15/18] START FICA     N=350 ε=0.1 θ=0.15 seed=10000  [case118]
[2026-04-23 21:09:24] [ 15/18] DONE  FICA     N=350 ε=0.1 θ=0.15 seed=10000  OK    solve= 1875.3s  sat=98.0%  wall=1877s  [case118]
[2026-04-23 21:09:25] [ 16/18] START FICA     N=350 ε=0.1 θ=0.15 seed=20000  [case118]
[2026-04-23 21:41:04] [ 16/18] DONE  FICA     N=350 ε=0.1 θ=0.15 seed=20000  OK    solve= 1897.0s  sat=98.5%  wall=1899s  [case118]
[2026-04-23 21:41:06] [ 17/18] START FICA     N=350 ε=0.1 θ=0.15 seed=30000  [case118]
[2026-04-23 22:20:14] [ 17/18] DONE  FICA     N=350 ε=0.1 θ=0.15 seed=30000  OK    solve= 2346.2s  sat=98.7%  wall=2348s  [case118]
[2026-04-23 22:20:15] [ 18/18] START FICA     N=350 ε=0.1 θ=0.15 seed=40000  [case118]
[2026-04-23 22:52:46] [ 18/18] DONE  FICA     N=350 ε=0.1 θ=0.15 seed=40000  OK    solve= 1949.2s  sat=100.0%  wall=1951s  [case118]
[2026-04-23 22:52:48] ======================================================================
[2026-04-23 22:52:48] 全部完成！汇总统计：
[2026-04-23 22:52:48] 总记录数: 320  完成/超时/错误: 320 / 0 / 0
[2026-04-23 22:52:48] 
求解时间(s)均值:
N_WDR              50       80       100      150      200      250      300       350
epsilon theta                                                                         
0.03    0.06    97.166  115.542  117.886  136.139  463.706  590.963  726.771   882.222
0.05    0.10   103.798  111.787  119.281  137.503  457.327  597.397  767.068   940.269
0.08    0.12   102.366  114.024  121.736  140.622  484.152  638.194  782.982  1023.962
0.10    0.15   102.087  114.313  123.287  142.899  509.357  667.528  834.331  1200.119
[2026-04-23 22:52:48] 
样本外满足率均值:
N_WDR            50     80     100    150    200    250    300    350
epsilon theta                                                        
0.03    0.06   0.608  0.738  0.894  0.935  0.985  0.986  0.987  0.987
0.05    0.10   0.673  0.978  0.980  0.984  0.987  0.987  0.988  0.988
0.08    0.12   0.860  0.976  0.978  0.988  0.988  0.989  0.990  0.990
0.10    0.15   0.867  0.979  0.981  0.988  0.988  0.989  0.990  0.990
